<?xml version="1.0" encoding="UTF-8"?>
<testng-results retried="1" ignored="1" total="17" passed="15" failed="0" skipped="0">
  <reporter-output>
  </reporter-output>
  <suite started-at="2023-10-30T16:21:06 GMT" name="All Test Suite" finished-at="2023-10-30T16:21:24 GMT" duration-ms="18121">
    <groups>
    </groups>
    <test started-at="2023-10-30T16:21:06 GMT" name="se-affordability-gateway-integration-test" finished-at="2023-10-30T16:21:24 GMT" duration-ms="18121">
      <class name="com.kindredgroup.seaffordabiltiygateway.integrationtest.NegativeFileTest">
        <test-method is-config="true" signature="springTestContextBeforeTestClass()[pri:0, instance:com.kindredgroup.seaffordabiltiygateway.integrationtest.NegativeFileTest@76b07f29]" started-at="2023-10-30T16:21:15 GMT" name="springTestContextBeforeTestClass" finished-at="2023-10-30T16:21:15 GMT" duration-ms="1" status="PASS">
          <reporter-output>
          </reporter-output>
        </test-method> <!-- springTestContextBeforeTestClass -->
        <test-method is-config="true" signature="springTestContextPrepareTestInstance()[pri:0, instance:com.kindredgroup.seaffordabiltiygateway.integrationtest.NegativeFileTest@76b07f29]" started-at="2023-10-30T16:21:15 GMT" name="springTestContextPrepareTestInstance" finished-at="2023-10-30T16:21:15 GMT" depends-on-methods="org.springframework.test.context.testng.AbstractTestNGSpringContextTests.springTestContextBeforeTestClass" duration-ms="2" status="PASS">
          <reporter-output>
          </reporter-output>
        </test-method> <!-- springTestContextPrepareTestInstance -->
        <test-method is-config="true" signature="setGlobalFilePath()[pri:0, instance:com.kindredgroup.seaffordabiltiygateway.integrationtest.NegativeFileTest@76b07f29]" started-at="2023-10-30T16:21:15 GMT" name="setGlobalFilePath" finished-at="2023-10-30T16:21:15 GMT" duration-ms="0" status="PASS">
          <reporter-output>
          </reporter-output>
        </test-method> <!-- setGlobalFilePath -->
        <test-method signature="uploadCsvZipFileAndGetErrorMessageTest()[pri:0, instance:com.kindredgroup.seaffordabiltiygateway.integrationtest.NegativeFileTest@76b07f29]" started-at="2023-10-30T16:21:15 GMT" name="uploadCsvZipFileAndGetErrorMessageTest" finished-at="2023-10-30T16:21:15 GMT" duration-ms="63" status="PASS">
          <reporter-output>
          </reporter-output>
        </test-method> <!-- uploadCsvZipFileAndGetErrorMessageTest -->
        <test-method is-config="true" signature="springTestContextBeforeTestMethod(java.lang.reflect.Method)[pri:0, instance:com.kindredgroup.seaffordabiltiygateway.integrationtest.NegativeFileTest@76b07f29]" started-at="2023-10-30T16:21:15 GMT" name="springTestContextBeforeTestMethod" finished-at="2023-10-30T16:21:15 GMT" duration-ms="0" status="PASS">
          <params>
            <param index="0">
              <value>
                <![CDATA[public void com.kindredgroup.seaffordabiltiygateway.integrationtest.NegativeFileTest.uploadCsvZipFileAndGetErrorMessageTest()]]>
              </value>
            </param>
          </params>
          <reporter-output>
          </reporter-output>
        </test-method> <!-- springTestContextBeforeTestMethod -->
        <test-method is-config="true" signature="deleteAllUploadFiles()[pri:0, instance:com.kindredgroup.seaffordabiltiygateway.integrationtest.NegativeFileTest@76b07f29]" started-at="2023-10-30T16:21:15 GMT" name="deleteAllUploadFiles" finished-at="2023-10-30T16:21:15 GMT" duration-ms="4" status="PASS">
          <reporter-output>
          </reporter-output>
        </test-method> <!-- deleteAllUploadFiles -->
        <test-method is-config="true" signature="springTestContextAfterTestMethod(java.lang.reflect.Method)[pri:0, instance:com.kindredgroup.seaffordabiltiygateway.integrationtest.NegativeFileTest@76b07f29]" started-at="2023-10-30T16:21:15 GMT" name="springTestContextAfterTestMethod" finished-at="2023-10-30T16:21:15 GMT" duration-ms="1" status="PASS">
          <params>
            <param index="0">
              <value>
                <![CDATA[public void com.kindredgroup.seaffordabiltiygateway.integrationtest.NegativeFileTest.uploadCsvZipFileAndGetErrorMessageTest()]]>
              </value>
            </param>
          </params>
          <reporter-output>
          </reporter-output>
        </test-method> <!-- springTestContextAfterTestMethod -->
        <test-method signature="uploadFileWithWrongNumOfColumns()[pri:0, instance:com.kindredgroup.seaffordabiltiygateway.integrationtest.NegativeFileTest@76b07f29]" started-at="2023-10-30T16:21:15 GMT" name="uploadFileWithWrongNumOfColumns" finished-at="2023-10-30T16:21:15 GMT" duration-ms="95" status="PASS">
          <reporter-output>
          </reporter-output>
        </test-method> <!-- uploadFileWithWrongNumOfColumns -->
        <test-method is-config="true" signature="springTestContextBeforeTestMethod(java.lang.reflect.Method)[pri:0, instance:com.kindredgroup.seaffordabiltiygateway.integrationtest.NegativeFileTest@76b07f29]" started-at="2023-10-30T16:21:15 GMT" name="springTestContextBeforeTestMethod" finished-at="2023-10-30T16:21:15 GMT" duration-ms="0" status="PASS">
          <params>
            <param index="0">
              <value>
                <![CDATA[public void com.kindredgroup.seaffordabiltiygateway.integrationtest.NegativeFileTest.uploadFileWithWrongNumOfColumns()]]>
              </value>
            </param>
          </params>
          <reporter-output>
          </reporter-output>
        </test-method> <!-- springTestContextBeforeTestMethod -->
        <test-method is-config="true" signature="setGlobalFilePath()[pri:0, instance:com.kindredgroup.seaffordabiltiygateway.integrationtest.NegativeFileTest@76b07f29]" started-at="2023-10-30T16:21:15 GMT" name="setGlobalFilePath" finished-at="2023-10-30T16:21:15 GMT" duration-ms="0" status="PASS">
          <reporter-output>
          </reporter-output>
        </test-method> <!-- setGlobalFilePath -->
        <test-method is-config="true" signature="deleteAllUploadFiles()[pri:0, instance:com.kindredgroup.seaffordabiltiygateway.integrationtest.NegativeFileTest@76b07f29]" started-at="2023-10-30T16:21:15 GMT" name="deleteAllUploadFiles" finished-at="2023-10-30T16:21:15 GMT" duration-ms="5" status="PASS">
          <reporter-output>
          </reporter-output>
        </test-method> <!-- deleteAllUploadFiles -->
        <test-method is-config="true" signature="springTestContextAfterTestMethod(java.lang.reflect.Method)[pri:0, instance:com.kindredgroup.seaffordabiltiygateway.integrationtest.NegativeFileTest@76b07f29]" started-at="2023-10-30T16:21:15 GMT" name="springTestContextAfterTestMethod" finished-at="2023-10-30T16:21:15 GMT" duration-ms="0" status="PASS">
          <params>
            <param index="0">
              <value>
                <![CDATA[public void com.kindredgroup.seaffordabiltiygateway.integrationtest.NegativeFileTest.uploadFileWithWrongNumOfColumns()]]>
              </value>
            </param>
          </params>
          <reporter-output>
          </reporter-output>
        </test-method> <!-- springTestContextAfterTestMethod -->
        <test-method is-config="true" signature="springTestContextBeforeTestMethod(java.lang.reflect.Method)[pri:0, instance:com.kindredgroup.seaffordabiltiygateway.integrationtest.NegativeFileTest@76b07f29]" started-at="2023-10-30T16:21:15 GMT" name="springTestContextBeforeTestMethod" finished-at="2023-10-30T16:21:15 GMT" duration-ms="0" status="PASS">
          <params>
            <param index="0">
              <value>
                <![CDATA[public void com.kindredgroup.seaffordabiltiygateway.integrationtest.NegativeFileTest.uploadZipFileWithTwoTxtFiles()]]>
              </value>
            </param>
          </params>
          <reporter-output>
          </reporter-output>
        </test-method> <!-- springTestContextBeforeTestMethod -->
        <test-method is-config="true" signature="setGlobalFilePath()[pri:0, instance:com.kindredgroup.seaffordabiltiygateway.integrationtest.NegativeFileTest@76b07f29]" started-at="2023-10-30T16:21:15 GMT" name="setGlobalFilePath" finished-at="2023-10-30T16:21:15 GMT" duration-ms="0" status="PASS">
          <reporter-output>
          </reporter-output>
        </test-method> <!-- setGlobalFilePath -->
        <test-method signature="uploadZipFileWithTwoTxtFiles()[pri:0, instance:com.kindredgroup.seaffordabiltiygateway.integrationtest.NegativeFileTest@76b07f29]" started-at="2023-10-30T16:21:15 GMT" name="uploadZipFileWithTwoTxtFiles" finished-at="2023-10-30T16:21:15 GMT" duration-ms="90" status="PASS">
          <reporter-output>
          </reporter-output>
        </test-method> <!-- uploadZipFileWithTwoTxtFiles -->
        <test-method is-config="true" signature="deleteAllUploadFiles()[pri:0, instance:com.kindredgroup.seaffordabiltiygateway.integrationtest.NegativeFileTest@76b07f29]" started-at="2023-10-30T16:21:15 GMT" name="deleteAllUploadFiles" finished-at="2023-10-30T16:21:15 GMT" duration-ms="4" status="PASS">
          <reporter-output>
          </reporter-output>
        </test-method> <!-- deleteAllUploadFiles -->
        <test-method is-config="true" signature="springTestContextAfterTestMethod(java.lang.reflect.Method)[pri:0, instance:com.kindredgroup.seaffordabiltiygateway.integrationtest.NegativeFileTest@76b07f29]" started-at="2023-10-30T16:21:15 GMT" name="springTestContextAfterTestMethod" finished-at="2023-10-30T16:21:15 GMT" duration-ms="1" status="PASS">
          <params>
            <param index="0">
              <value>
                <![CDATA[public void com.kindredgroup.seaffordabiltiygateway.integrationtest.NegativeFileTest.uploadZipFileWithTwoTxtFiles()]]>
              </value>
            </param>
          </params>
          <reporter-output>
          </reporter-output>
        </test-method> <!-- springTestContextAfterTestMethod -->
        <test-method is-config="true" signature="springTestContextBeforeTestMethod(java.lang.reflect.Method)[pri:0, instance:com.kindredgroup.seaffordabiltiygateway.integrationtest.NegativeFileTest@76b07f29]" started-at="2023-10-30T16:21:15 GMT" name="springTestContextBeforeTestMethod" finished-at="2023-10-30T16:21:15 GMT" duration-ms="1" status="PASS">
          <params>
            <param index="0">
              <value>
                <![CDATA[public void com.kindredgroup.seaffordabiltiygateway.integrationtest.NegativeFileTest.uploadZipFileWithWrongColumnName()]]>
              </value>
            </param>
          </params>
          <reporter-output>
          </reporter-output>
        </test-method> <!-- springTestContextBeforeTestMethod -->
        <test-method signature="uploadZipFileWithWrongColumnName()[pri:0, instance:com.kindredgroup.seaffordabiltiygateway.integrationtest.NegativeFileTest@76b07f29]" started-at="2023-10-30T16:21:15 GMT" name="uploadZipFileWithWrongColumnName" finished-at="2023-10-30T16:21:15 GMT" duration-ms="90" status="PASS">
          <reporter-output>
          </reporter-output>
        </test-method> <!-- uploadZipFileWithWrongColumnName -->
        <test-method is-config="true" signature="setGlobalFilePath()[pri:0, instance:com.kindredgroup.seaffordabiltiygateway.integrationtest.NegativeFileTest@76b07f29]" started-at="2023-10-30T16:21:15 GMT" name="setGlobalFilePath" finished-at="2023-10-30T16:21:15 GMT" duration-ms="0" status="PASS">
          <reporter-output>
          </reporter-output>
        </test-method> <!-- setGlobalFilePath -->
        <test-method is-config="true" signature="deleteAllUploadFiles()[pri:0, instance:com.kindredgroup.seaffordabiltiygateway.integrationtest.NegativeFileTest@76b07f29]" started-at="2023-10-30T16:21:15 GMT" name="deleteAllUploadFiles" finished-at="2023-10-30T16:21:15 GMT" duration-ms="3" status="PASS">
          <reporter-output>
          </reporter-output>
        </test-method> <!-- deleteAllUploadFiles -->
        <test-method is-config="true" signature="springTestContextAfterTestClass()[pri:0, instance:com.kindredgroup.seaffordabiltiygateway.integrationtest.NegativeFileTest@76b07f29]" started-at="2023-10-30T16:21:15 GMT" name="springTestContextAfterTestClass" finished-at="2023-10-30T16:21:15 GMT" duration-ms="0" status="PASS">
          <reporter-output>
          </reporter-output>
        </test-method> <!-- springTestContextAfterTestClass -->
        <test-method is-config="true" signature="springTestContextAfterTestMethod(java.lang.reflect.Method)[pri:0, instance:com.kindredgroup.seaffordabiltiygateway.integrationtest.NegativeFileTest@76b07f29]" started-at="2023-10-30T16:21:15 GMT" name="springTestContextAfterTestMethod" finished-at="2023-10-30T16:21:15 GMT" duration-ms="0" status="PASS">
          <params>
            <param index="0">
              <value>
                <![CDATA[public void com.kindredgroup.seaffordabiltiygateway.integrationtest.NegativeFileTest.uploadZipFileWithWrongColumnName()]]>
              </value>
            </param>
          </params>
          <reporter-output>
          </reporter-output>
        </test-method> <!-- springTestContextAfterTestMethod -->
      </class> <!-- com.kindredgroup.seaffordabiltiygateway.integrationtest.NegativeFileTest -->
      <class name="com.kindredgroup.seaffordabiltiygateway.integrationtest.FileTest">
        <test-method is-config="true" signature="springTestContextPrepareTestInstance()[pri:0, instance:com.kindredgroup.seaffordabiltiygateway.integrationtest.FileTest@5038d0b5]" started-at="2023-10-30T16:21:13 GMT" name="springTestContextPrepareTestInstance" finished-at="2023-10-30T16:21:13 GMT" depends-on-methods="org.springframework.test.context.testng.AbstractTestNGSpringContextTests.springTestContextBeforeTestClass" duration-ms="4" status="PASS">
          <reporter-output>
          </reporter-output>
        </test-method> <!-- springTestContextPrepareTestInstance -->
        <test-method is-config="true" signature="springTestContextBeforeTestClass()[pri:0, instance:com.kindredgroup.seaffordabiltiygateway.integrationtest.FileTest@5038d0b5]" started-at="2023-10-30T16:21:13 GMT" name="springTestContextBeforeTestClass" finished-at="2023-10-30T16:21:13 GMT" duration-ms="0" status="PASS">
          <reporter-output>
          </reporter-output>
        </test-method> <!-- springTestContextBeforeTestClass -->
        <test-method signature="deleteAllZipFilesTest()[pri:0, instance:com.kindredgroup.seaffordabiltiygateway.integrationtest.FileTest@5038d0b5]" started-at="2023-10-30T16:21:13 GMT" name="deleteAllZipFilesTest" description="Delete all zip files Expected result: All uploaded zip files are deleted" finished-at="2023-10-30T16:21:13 GMT" duration-ms="6" status="PASS">
          <reporter-output>
          </reporter-output>
        </test-method> <!-- deleteAllZipFilesTest -->
        <test-method is-config="true" signature="setGlobalFilePath()[pri:0, instance:com.kindredgroup.seaffordabiltiygateway.integrationtest.FileTest@5038d0b5]" started-at="2023-10-30T16:21:13 GMT" name="setGlobalFilePath" finished-at="2023-10-30T16:21:13 GMT" duration-ms="0" status="PASS">
          <reporter-output>
          </reporter-output>
        </test-method> <!-- setGlobalFilePath -->
        <test-method is-config="true" signature="springTestContextBeforeTestMethod(java.lang.reflect.Method)[pri:0, instance:com.kindredgroup.seaffordabiltiygateway.integrationtest.FileTest@5038d0b5]" started-at="2023-10-30T16:21:13 GMT" name="springTestContextBeforeTestMethod" finished-at="2023-10-30T16:21:13 GMT" duration-ms="0" status="PASS">
          <params>
            <param index="0">
              <value>
                <![CDATA[public void com.kindredgroup.seaffordabiltiygateway.integrationtest.FileTest.deleteAllZipFilesTest()]]>
              </value>
            </param>
          </params>
          <reporter-output>
          </reporter-output>
        </test-method> <!-- springTestContextBeforeTestMethod -->
        <test-method is-config="true" signature="deleteAllUploadFiles()[pri:0, instance:com.kindredgroup.seaffordabiltiygateway.integrationtest.FileTest@5038d0b5]" started-at="2023-10-30T16:21:13 GMT" name="deleteAllUploadFiles" finished-at="2023-10-30T16:21:13 GMT" duration-ms="5" status="PASS">
          <reporter-output>
          </reporter-output>
        </test-method> <!-- deleteAllUploadFiles -->
        <test-method is-config="true" signature="springTestContextAfterTestMethod(java.lang.reflect.Method)[pri:0, instance:com.kindredgroup.seaffordabiltiygateway.integrationtest.FileTest@5038d0b5]" started-at="2023-10-30T16:21:13 GMT" name="springTestContextAfterTestMethod" finished-at="2023-10-30T16:21:13 GMT" duration-ms="0" status="PASS">
          <params>
            <param index="0">
              <value>
                <![CDATA[public void com.kindredgroup.seaffordabiltiygateway.integrationtest.FileTest.deleteAllZipFilesTest()]]>
              </value>
            </param>
          </params>
          <reporter-output>
          </reporter-output>
        </test-method> <!-- springTestContextAfterTestMethod -->
        <test-method signature="getAllZipFilesTest()[pri:0, instance:com.kindredgroup.seaffordabiltiygateway.integrationtest.FileTest@5038d0b5]" started-at="2023-10-30T16:21:13 GMT" name="getAllZipFilesTest" description="Upload zip file. Get all present zip files Expected result: All uploaded zip files are present" finished-at="2023-10-30T16:21:13 GMT" duration-ms="101" status="PASS">
          <reporter-output>
          </reporter-output>
        </test-method> <!-- getAllZipFilesTest -->
        <test-method is-config="true" signature="springTestContextBeforeTestMethod(java.lang.reflect.Method)[pri:0, instance:com.kindredgroup.seaffordabiltiygateway.integrationtest.FileTest@5038d0b5]" started-at="2023-10-30T16:21:13 GMT" name="springTestContextBeforeTestMethod" finished-at="2023-10-30T16:21:13 GMT" duration-ms="0" status="PASS">
          <params>
            <param index="0">
              <value>
                <![CDATA[public void com.kindredgroup.seaffordabiltiygateway.integrationtest.FileTest.getAllZipFilesTest()]]>
              </value>
            </param>
          </params>
          <reporter-output>
          </reporter-output>
        </test-method> <!-- springTestContextBeforeTestMethod -->
        <test-method is-config="true" signature="setGlobalFilePath()[pri:0, instance:com.kindredgroup.seaffordabiltiygateway.integrationtest.FileTest@5038d0b5]" started-at="2023-10-30T16:21:13 GMT" name="setGlobalFilePath" finished-at="2023-10-30T16:21:13 GMT" duration-ms="0" status="PASS">
          <reporter-output>
          </reporter-output>
        </test-method> <!-- setGlobalFilePath -->
        <test-method is-config="true" signature="deleteAllUploadFiles()[pri:0, instance:com.kindredgroup.seaffordabiltiygateway.integrationtest.FileTest@5038d0b5]" started-at="2023-10-30T16:21:13 GMT" name="deleteAllUploadFiles" finished-at="2023-10-30T16:21:13 GMT" duration-ms="4" status="PASS">
          <reporter-output>
          </reporter-output>
        </test-method> <!-- deleteAllUploadFiles -->
        <test-method is-config="true" signature="springTestContextAfterTestMethod(java.lang.reflect.Method)[pri:0, instance:com.kindredgroup.seaffordabiltiygateway.integrationtest.FileTest@5038d0b5]" started-at="2023-10-30T16:21:13 GMT" name="springTestContextAfterTestMethod" finished-at="2023-10-30T16:21:13 GMT" duration-ms="1" status="PASS">
          <params>
            <param index="0">
              <value>
                <![CDATA[public void com.kindredgroup.seaffordabiltiygateway.integrationtest.FileTest.getAllZipFilesTest()]]>
              </value>
            </param>
          </params>
          <reporter-output>
          </reporter-output>
        </test-method> <!-- springTestContextAfterTestMethod -->
        <test-method is-config="true" signature="springTestContextBeforeTestMethod(java.lang.reflect.Method)[pri:0, instance:com.kindredgroup.seaffordabiltiygateway.integrationtest.FileTest@5038d0b5]" started-at="2023-10-30T16:21:13 GMT" name="springTestContextBeforeTestMethod" finished-at="2023-10-30T16:21:13 GMT" duration-ms="1" status="PASS">
          <params>
            <param index="0">
              <value>
                <![CDATA[public void com.kindredgroup.seaffordabiltiygateway.integrationtest.FileTest.uploadFileTest()]]>
              </value>
            </param>
          </params>
          <reporter-output>
          </reporter-output>
        </test-method> <!-- springTestContextBeforeTestMethod -->
        <test-method signature="uploadFileTest()[pri:0, instance:com.kindredgroup.seaffordabiltiygateway.integrationtest.FileTest@5038d0b5]" started-at="2023-10-30T16:21:13 GMT" name="uploadFileTest" description="Upload zip file  Expected result: File is uploaded" finished-at="2023-10-30T16:21:13 GMT" duration-ms="8" status="PASS">
          <reporter-output>
          </reporter-output>
        </test-method> <!-- uploadFileTest -->
        <test-method is-config="true" signature="setGlobalFilePath()[pri:0, instance:com.kindredgroup.seaffordabiltiygateway.integrationtest.FileTest@5038d0b5]" started-at="2023-10-30T16:21:13 GMT" name="setGlobalFilePath" finished-at="2023-10-30T16:21:13 GMT" duration-ms="0" status="PASS">
          <reporter-output>
          </reporter-output>
        </test-method> <!-- setGlobalFilePath -->
        <test-method is-config="true" signature="deleteAllUploadFiles()[pri:0, instance:com.kindredgroup.seaffordabiltiygateway.integrationtest.FileTest@5038d0b5]" started-at="2023-10-30T16:21:13 GMT" name="deleteAllUploadFiles" finished-at="2023-10-30T16:21:13 GMT" duration-ms="4" status="PASS">
          <reporter-output>
          </reporter-output>
        </test-method> <!-- deleteAllUploadFiles -->
        <test-method is-config="true" signature="springTestContextAfterTestMethod(java.lang.reflect.Method)[pri:0, instance:com.kindredgroup.seaffordabiltiygateway.integrationtest.FileTest@5038d0b5]" started-at="2023-10-30T16:21:13 GMT" name="springTestContextAfterTestMethod" finished-at="2023-10-30T16:21:13 GMT" duration-ms="1" status="PASS">
          <params>
            <param index="0">
              <value>
                <![CDATA[public void com.kindredgroup.seaffordabiltiygateway.integrationtest.FileTest.uploadFileTest()]]>
              </value>
            </param>
          </params>
          <reporter-output>
          </reporter-output>
        </test-method> <!-- springTestContextAfterTestMethod -->
        <test-method is-config="true" signature="springTestContextAfterTestClass()[pri:0, instance:com.kindredgroup.seaffordabiltiygateway.integrationtest.FileTest@5038d0b5]" started-at="2023-10-30T16:21:13 GMT" name="springTestContextAfterTestClass" finished-at="2023-10-30T16:21:13 GMT" duration-ms="0" status="PASS">
          <reporter-output>
          </reporter-output>
        </test-method> <!-- springTestContextAfterTestClass -->
      </class> <!-- com.kindredgroup.seaffordabiltiygateway.integrationtest.FileTest -->
      <class name="com.kindredgroup.seaffordabiltiygateway.integrationtest.ErasureTest">
        <test-method is-config="true" signature="springTestContextBeforeTestClass()[pri:0, instance:com.kindredgroup.seaffordabiltiygateway.integrationtest.ErasureTest@17503f6b]" started-at="2023-10-30T16:21:06 GMT" name="springTestContextBeforeTestClass" finished-at="2023-10-30T16:21:06 GMT" duration-ms="8" status="PASS">
          <reporter-output>
          </reporter-output>
        </test-method> <!-- springTestContextBeforeTestClass -->
        <test-method is-config="true" signature="springTestContextPrepareTestInstance()[pri:0, instance:com.kindredgroup.seaffordabiltiygateway.integrationtest.ErasureTest@17503f6b]" started-at="2023-10-30T16:21:06 GMT" name="springTestContextPrepareTestInstance" finished-at="2023-10-30T16:21:09 GMT" depends-on-methods="org.springframework.test.context.testng.AbstractTestNGSpringContextTests.springTestContextBeforeTestClass" duration-ms="2957" status="PASS">
          <reporter-output>
          </reporter-output>
        </test-method> <!-- springTestContextPrepareTestInstance -->
        <test-method is-config="true" signature="springTestContextBeforeTestMethod(java.lang.reflect.Method)[pri:0, instance:com.kindredgroup.seaffordabiltiygateway.integrationtest.ErasureTest@17503f6b]" started-at="2023-10-30T16:21:09 GMT" name="springTestContextBeforeTestMethod" finished-at="2023-10-30T16:21:09 GMT" duration-ms="2" status="PASS">
          <params>
            <param index="0">
              <value>
                <![CDATA[void com.kindredgroup.seaffordabiltiygateway.integrationtest.ErasureTest.verifyErasure()]]>
              </value>
            </param>
          </params>
          <reporter-output>
          </reporter-output>
        </test-method> <!-- springTestContextBeforeTestMethod -->
        <test-method signature="verifyErasure()[pri:0, instance:com.kindredgroup.seaffordabiltiygateway.integrationtest.ErasureTest@17503f6b]" started-at="2023-10-30T16:21:09 GMT" name="verifyErasure" description="Create customer, customer is present in se-gateway DB. Erase customer. Expected result: customer not exist in se-gateway DB after erasure" finished-at="2023-10-30T16:21:12 GMT" duration-ms="3022" status="PASS">
          <reporter-output>
          </reporter-output>
        </test-method> <!-- verifyErasure -->
        <test-method is-config="true" signature="setGlobalFilePath()[pri:0, instance:com.kindredgroup.seaffordabiltiygateway.integrationtest.ErasureTest@17503f6b]" started-at="2023-10-30T16:21:09 GMT" name="setGlobalFilePath" finished-at="2023-10-30T16:21:09 GMT" duration-ms="0" status="PASS">
          <reporter-output>
          </reporter-output>
        </test-method> <!-- setGlobalFilePath -->
        <test-method is-config="true" signature="deleteAllUploadFiles()[pri:0, instance:com.kindredgroup.seaffordabiltiygateway.integrationtest.ErasureTest@17503f6b]" started-at="2023-10-30T16:21:13 GMT" name="deleteAllUploadFiles" finished-at="2023-10-30T16:21:13 GMT" duration-ms="87" status="PASS">
          <reporter-output>
          </reporter-output>
        </test-method> <!-- deleteAllUploadFiles -->
        <test-method is-config="true" signature="springTestContextAfterTestMethod(java.lang.reflect.Method)[pri:0, instance:com.kindredgroup.seaffordabiltiygateway.integrationtest.ErasureTest@17503f6b]" started-at="2023-10-30T16:21:13 GMT" name="springTestContextAfterTestMethod" finished-at="2023-10-30T16:21:13 GMT" duration-ms="1" status="PASS">
          <params>
            <param index="0">
              <value>
                <![CDATA[void com.kindredgroup.seaffordabiltiygateway.integrationtest.ErasureTest.verifyErasure()]]>
              </value>
            </param>
          </params>
          <reporter-output>
          </reporter-output>
        </test-method> <!-- springTestContextAfterTestMethod -->
        <test-method is-config="true" signature="springTestContextAfterTestClass()[pri:0, instance:com.kindredgroup.seaffordabiltiygateway.integrationtest.ErasureTest@17503f6b]" started-at="2023-10-30T16:21:13 GMT" name="springTestContextAfterTestClass" finished-at="2023-10-30T16:21:13 GMT" duration-ms="1" status="PASS">
          <reporter-output>
          </reporter-output>
        </test-method> <!-- springTestContextAfterTestClass -->
      </class> <!-- com.kindredgroup.seaffordabiltiygateway.integrationtest.ErasureTest -->
      <class name="com.kindredgroup.seaffordabiltiygateway.integrationtest.ReaderTest">
        <test-method is-config="true" signature="springTestContextBeforeTestClass()[pri:0, instance:com.kindredgroup.seaffordabiltiygateway.integrationtest.ReaderTest@7d7758be]" started-at="2023-10-30T16:21:13 GMT" name="springTestContextBeforeTestClass" finished-at="2023-10-30T16:21:13 GMT" duration-ms="0" status="PASS">
          <reporter-output>
          </reporter-output>
        </test-method> <!-- springTestContextBeforeTestClass -->
        <test-method is-config="true" signature="springTestContextPrepareTestInstance()[pri:0, instance:com.kindredgroup.seaffordabiltiygateway.integrationtest.ReaderTest@7d7758be]" started-at="2023-10-30T16:21:13 GMT" name="springTestContextPrepareTestInstance" finished-at="2023-10-30T16:21:13 GMT" depends-on-methods="org.springframework.test.context.testng.AbstractTestNGSpringContextTests.springTestContextBeforeTestClass" duration-ms="2" status="PASS">
          <reporter-output>
          </reporter-output>
        </test-method> <!-- springTestContextPrepareTestInstance -->
        <test-method is-config="true" signature="springTestContextBeforeTestMethod(java.lang.reflect.Method)[pri:0, instance:com.kindredgroup.seaffordabiltiygateway.integrationtest.ReaderTest@7d7758be]" started-at="2023-10-30T16:21:13 GMT" name="springTestContextBeforeTestMethod" finished-at="2023-10-30T16:21:13 GMT" duration-ms="0" status="PASS">
          <params>
            <param index="0">
              <value>
                <![CDATA[public void com.kindredgroup.seaffordabiltiygateway.integrationtest.ReaderTest.readFileTest()]]>
              </value>
            </param>
          </params>
          <reporter-output>
          </reporter-output>
        </test-method> <!-- springTestContextBeforeTestMethod -->
        <test-method signature="readFileTest()[pri:0, instance:com.kindredgroup.seaffordabiltiygateway.integrationtest.ReaderTest@7d7758be]" started-at="2023-10-30T16:21:13 GMT" name="readFileTest" description="Register SE customer and upload file for that customer.Start reading file Expected result: Reading from file is performed" finished-at="2023-10-30T16:21:14 GMT" duration-ms="865" status="PASS">
          <reporter-output>
          </reporter-output>
        </test-method> <!-- readFileTest -->
        <test-method is-config="true" signature="setGlobalFilePath()[pri:0, instance:com.kindredgroup.seaffordabiltiygateway.integrationtest.ReaderTest@7d7758be]" started-at="2023-10-30T16:21:13 GMT" name="setGlobalFilePath" finished-at="2023-10-30T16:21:13 GMT" duration-ms="0" status="PASS">
          <reporter-output>
          </reporter-output>
        </test-method> <!-- setGlobalFilePath -->
        <test-method is-config="true" signature="deleteAllUploadFiles()[pri:0, instance:com.kindredgroup.seaffordabiltiygateway.integrationtest.ReaderTest@7d7758be]" started-at="2023-10-30T16:21:14 GMT" name="deleteAllUploadFiles" finished-at="2023-10-30T16:21:14 GMT" duration-ms="4" status="PASS">
          <reporter-output>
          </reporter-output>
        </test-method> <!-- deleteAllUploadFiles -->
        <test-method is-config="true" signature="springTestContextAfterTestMethod(java.lang.reflect.Method)[pri:0, instance:com.kindredgroup.seaffordabiltiygateway.integrationtest.ReaderTest@7d7758be]" started-at="2023-10-30T16:21:14 GMT" name="springTestContextAfterTestMethod" finished-at="2023-10-30T16:21:14 GMT" duration-ms="1" status="PASS">
          <params>
            <param index="0">
              <value>
                <![CDATA[public void com.kindredgroup.seaffordabiltiygateway.integrationtest.ReaderTest.readFileTest()]]>
              </value>
            </param>
          </params>
          <reporter-output>
          </reporter-output>
        </test-method> <!-- springTestContextAfterTestMethod -->
        <test-method is-config="true" signature="springTestContextBeforeTestMethod(java.lang.reflect.Method)[pri:0, instance:com.kindredgroup.seaffordabiltiygateway.integrationtest.ReaderTest@7d7758be]" started-at="2023-10-30T16:21:14 GMT" name="springTestContextBeforeTestMethod" finished-at="2023-10-30T16:21:14 GMT" duration-ms="0" status="PASS">
          <params>
            <param index="0">
              <value>
                <![CDATA[public void com.kindredgroup.seaffordabiltiygateway.integrationtest.ReaderTest.testNetIncomes()]]>
              </value>
            </param>
          </params>
          <reporter-output>
          </reporter-output>
        </test-method> <!-- springTestContextBeforeTestMethod -->
        <test-method signature="testNetIncomes()[pri:0, instance:com.kindredgroup.seaffordabiltiygateway.integrationtest.ReaderTest@7d7758be]" started-at="2023-10-30T16:21:14 GMT" name="testNetIncomes" description="Register SE customer and upload file for that customer.Start reading file and get net income Expected result: Appropriate net income is displayed" finished-at="2023-10-30T16:21:15 GMT" duration-ms="1002" status="PASS">
          <reporter-output>
          </reporter-output>
        </test-method> <!-- testNetIncomes -->
        <test-method is-config="true" signature="setGlobalFilePath()[pri:0, instance:com.kindredgroup.seaffordabiltiygateway.integrationtest.ReaderTest@7d7758be]" started-at="2023-10-30T16:21:14 GMT" name="setGlobalFilePath" finished-at="2023-10-30T16:21:14 GMT" duration-ms="0" status="PASS">
          <reporter-output>
          </reporter-output>
        </test-method> <!-- setGlobalFilePath -->
        <test-method is-config="true" signature="deleteAllUploadFiles()[pri:0, instance:com.kindredgroup.seaffordabiltiygateway.integrationtest.ReaderTest@7d7758be]" started-at="2023-10-30T16:21:15 GMT" name="deleteAllUploadFiles" finished-at="2023-10-30T16:21:15 GMT" duration-ms="5" status="PASS">
          <reporter-output>
          </reporter-output>
        </test-method> <!-- deleteAllUploadFiles -->
        <test-method is-config="true" signature="springTestContextAfterTestMethod(java.lang.reflect.Method)[pri:0, instance:com.kindredgroup.seaffordabiltiygateway.integrationtest.ReaderTest@7d7758be]" started-at="2023-10-30T16:21:15 GMT" name="springTestContextAfterTestMethod" finished-at="2023-10-30T16:21:15 GMT" duration-ms="1" status="PASS">
          <params>
            <param index="0">
              <value>
                <![CDATA[public void com.kindredgroup.seaffordabiltiygateway.integrationtest.ReaderTest.testNetIncomes()]]>
              </value>
            </param>
          </params>
          <reporter-output>
          </reporter-output>
        </test-method> <!-- springTestContextAfterTestMethod -->
        <test-method is-config="true" signature="springTestContextAfterTestClass()[pri:0, instance:com.kindredgroup.seaffordabiltiygateway.integrationtest.ReaderTest@7d7758be]" started-at="2023-10-30T16:21:15 GMT" name="springTestContextAfterTestClass" finished-at="2023-10-30T16:21:15 GMT" duration-ms="0" status="PASS">
          <reporter-output>
          </reporter-output>
        </test-method> <!-- springTestContextAfterTestClass -->
      </class> <!-- com.kindredgroup.seaffordabiltiygateway.integrationtest.ReaderTest -->
      <class name="com.kindredgroup.seaffordabiltiygateway.integrationtest.RegisteredUsersInFileTest">
        <test-method is-config="true" signature="springTestContextBeforeTestClass()[pri:0, instance:com.kindredgroup.seaffordabiltiygateway.integrationtest.RegisteredUsersInFileTest@4ef74c30]" started-at="2023-10-30T16:21:15 GMT" name="springTestContextBeforeTestClass" finished-at="2023-10-30T16:21:15 GMT" duration-ms="0" status="PASS">
          <reporter-output>
          </reporter-output>
        </test-method> <!-- springTestContextBeforeTestClass -->
        <test-method is-config="true" signature="springTestContextPrepareTestInstance()[pri:0, instance:com.kindredgroup.seaffordabiltiygateway.integrationtest.RegisteredUsersInFileTest@4ef74c30]" started-at="2023-10-30T16:21:15 GMT" name="springTestContextPrepareTestInstance" finished-at="2023-10-30T16:21:15 GMT" depends-on-methods="org.springframework.test.context.testng.AbstractTestNGSpringContextTests.springTestContextBeforeTestClass" duration-ms="2" status="PASS">
          <reporter-output>
          </reporter-output>
        </test-method> <!-- springTestContextPrepareTestInstance -->
        <test-method is-config="true" signature="springTestContextBeforeTestMethod(java.lang.reflect.Method)[pri:0, instance:com.kindredgroup.seaffordabiltiygateway.integrationtest.RegisteredUsersInFileTest@4ef74c30]" started-at="2023-10-30T16:21:15 GMT" name="springTestContextBeforeTestMethod" finished-at="2023-10-30T16:21:15 GMT" duration-ms="1" status="PASS">
          <params>
            <param index="0">
              <value>
                <![CDATA[public void com.kindredgroup.seaffordabiltiygateway.integrationtest.RegisteredUsersInFileTest.tiLastDateIsCurrentDate() throws java.lang.InterruptedException]]>
              </value>
            </param>
          </params>
          <reporter-output>
          </reporter-output>
        </test-method> <!-- springTestContextBeforeTestMethod -->
        <test-method signature="tiLastDateIsCurrentDate()[pri:0, instance:com.kindredgroup.seaffordabiltiygateway.integrationtest.RegisteredUsersInFileTest@4ef74c30]" started-at="2023-10-30T16:21:15 GMT" name="tiLastDateIsCurrentDate" description="Register 25+ years old SE customer and upload file. Then deposit 25000 SEK, read the file and trigger netIncome job.Update Net income and set Last TI check to be older then 365 days. Trigger net income job again.  Expected result: Net income and Last TI check have appropriate values in DB" finished-at="2023-10-30T16:21:18 GMT" duration-ms="2220" status="PASS">
          <reporter-output>
          </reporter-output>
        </test-method> <!-- tiLastDateIsCurrentDate -->
        <test-method is-config="true" signature="setGlobalFilePath()[pri:0, instance:com.kindredgroup.seaffordabiltiygateway.integrationtest.RegisteredUsersInFileTest@4ef74c30]" started-at="2023-10-30T16:21:15 GMT" name="setGlobalFilePath" finished-at="2023-10-30T16:21:15 GMT" duration-ms="0" status="PASS">
          <reporter-output>
          </reporter-output>
        </test-method> <!-- setGlobalFilePath -->
        <test-method is-config="true" signature="deleteAllUploadFiles()[pri:0, instance:com.kindredgroup.seaffordabiltiygateway.integrationtest.RegisteredUsersInFileTest@4ef74c30]" started-at="2023-10-30T16:21:18 GMT" name="deleteAllUploadFiles" finished-at="2023-10-30T16:21:18 GMT" duration-ms="7" status="PASS">
          <reporter-output>
          </reporter-output>
        </test-method> <!-- deleteAllUploadFiles -->
        <test-method is-config="true" signature="springTestContextAfterTestMethod(java.lang.reflect.Method)[pri:0, instance:com.kindredgroup.seaffordabiltiygateway.integrationtest.RegisteredUsersInFileTest@4ef74c30]" started-at="2023-10-30T16:21:18 GMT" name="springTestContextAfterTestMethod" finished-at="2023-10-30T16:21:18 GMT" duration-ms="1" status="PASS">
          <params>
            <param index="0">
              <value>
                <![CDATA[public void com.kindredgroup.seaffordabiltiygateway.integrationtest.RegisteredUsersInFileTest.tiLastDateIsCurrentDate() throws java.lang.InterruptedException]]>
              </value>
            </param>
          </params>
          <reporter-output>
          </reporter-output>
        </test-method> <!-- springTestContextAfterTestMethod -->
        <test-method is-config="true" signature="springTestContextBeforeTestMethod(java.lang.reflect.Method)[pri:0, instance:com.kindredgroup.seaffordabiltiygateway.integrationtest.RegisteredUsersInFileTest@4ef74c30]" started-at="2023-10-30T16:21:18 GMT" name="springTestContextBeforeTestMethod" finished-at="2023-10-30T16:21:18 GMT" duration-ms="1" status="PASS">
          <params>
            <param index="0">
              <value>
                <![CDATA[public void com.kindredgroup.seaffordabiltiygateway.integrationtest.RegisteredUsersInFileTest.triggerNetIncomeJobForNewCustomer(int,int,boolean)]]>
              </value>
            </param>
          </params>
          <reporter-output>
          </reporter-output>
        </test-method> <!-- springTestContextBeforeTestMethod -->
        <test-method is-config="true" signature="setGlobalFilePath()[pri:0, instance:com.kindredgroup.seaffordabiltiygateway.integrationtest.RegisteredUsersInFileTest@4ef74c30]" started-at="2023-10-30T16:21:18 GMT" name="setGlobalFilePath" finished-at="2023-10-30T16:21:18 GMT" duration-ms="0" status="PASS">
          <reporter-output>
          </reporter-output>
        </test-method> <!-- setGlobalFilePath -->
        <test-method retried="true" signature="triggerNetIncomeJobForNewCustomer(int,int,boolean)[pri:0, instance:com.kindredgroup.seaffordabiltiygateway.integrationtest.RegisteredUsersInFileTest@4ef74c30]" started-at="2023-10-30T16:21:18 GMT" name="triggerNetIncomeJobForNewCustomer" description="Register SE customer with age from provider and upload file. Then deposit money, read the file and trigger netIncome job. Expected result: Net income and Last TI check have appropriate values in DB" data-provider="deposit" finished-at="2023-10-30T16:21:19 GMT" duration-ms="1390" status="SKIP">
          <params>
            <param index="0">
              <value>
                <![CDATA[24001]]>
              </value>
            </param>
            <param index="1">
              <value>
                <![CDATA[20]]>
              </value>
            </param>
            <param index="2">
              <value>
                <![CDATA[true]]>
              </value>
            </param>
          </params>
          <exception class="java.lang.NullPointerException">
            <message>
              <![CDATA[Cannot invoke "java.math.BigDecimal.toString()" because the return value of "com.kindredgroup.seaffordabilitygateway.integrationtest.dao.data.AffordabilityData.getNetIncome()" is null]]>
            </message>
            <full-stacktrace>
              <![CDATA[java.lang.NullPointerException: Cannot invoke "java.math.BigDecimal.toString()" because the return value of "com.kindredgroup.seaffordabilitygateway.integrationtest.dao.data.AffordabilityData.getNetIncome()" is null
at com.kindredgroup.seaffordabiltiygateway.integrationtest.RegisteredUsersInFileTest.triggerNetIncomeJobForNewCustomer(RegisteredUsersInFileTest.java:50)
at java.base/jdk.internal.reflect.NativeMethodAccessorImpl.invoke0(Native Method)
at java.base/jdk.internal.reflect.NativeMethodAccessorImpl.invoke(NativeMethodAccessorImpl.java:77)
at java.base/jdk.internal.reflect.DelegatingMethodAccessorImpl.invoke(DelegatingMethodAccessorImpl.java:43)
at java.base/java.lang.reflect.Method.invoke(Method.java:568)
at org.testng.internal.MethodInvocationHelper.invokeMethod(MethodInvocationHelper.java:133)
at org.testng.internal.MethodInvocationHelper$1.runTestMethod(MethodInvocationHelper.java:239)
at org.springframework.test.context.testng.AbstractTestNGSpringContextTests.run(AbstractTestNGSpringContextTests.java:184)
at org.testng.internal.MethodInvocationHelper.invokeHookable(MethodInvocationHelper.java:253)
at org.testng.internal.TestInvoker.invokeMethod(TestInvoker.java:594)
at org.testng.internal.TestInvoker.invokeTestMethod(TestInvoker.java:173)
at org.testng.internal.MethodRunner.runInSequence(MethodRunner.java:46)
at org.testng.internal.TestInvoker$MethodInvocationAgent.invoke(TestInvoker.java:824)
at org.testng.internal.TestInvoker.invokeTestMethods(TestInvoker.java:146)
at org.testng.internal.TestMethodWorker.invokeTestMethods(TestMethodWorker.java:146)
at org.testng.internal.TestMethodWorker.run(TestMethodWorker.java:128)
at java.base/java.util.ArrayList.forEach(ArrayList.java:1511)
at org.testng.TestRunner.privateRun(TestRunner.java:794)
at org.testng.TestRunner.run(TestRunner.java:596)
at org.testng.SuiteRunner.runTest(SuiteRunner.java:377)
at org.testng.SuiteRunner.runSequentially(SuiteRunner.java:371)
at org.testng.SuiteRunner.privateRun(SuiteRunner.java:332)
at org.testng.SuiteRunner.run(SuiteRunner.java:276)
at org.testng.SuiteRunnerWorker.runSuite(SuiteRunnerWorker.java:53)
at org.testng.SuiteRunnerWorker.run(SuiteRunnerWorker.java:96)
at org.testng.TestNG.runSuitesSequentially(TestNG.java:1212)
at org.testng.TestNG.runSuitesLocally(TestNG.java:1134)
at org.testng.TestNG.runSuites(TestNG.java:1063)
at org.testng.TestNG.run(TestNG.java:1031)
at org.apache.maven.surefire.testng.TestNGExecutor.run(TestNGExecutor.java:283)
at org.apache.maven.surefire.testng.TestNGXmlTestSuite.execute(TestNGXmlTestSuite.java:75)
at org.apache.maven.surefire.testng.TestNGProvider.invoke(TestNGProvider.java:120)
at org.apache.maven.surefire.booter.ForkedBooter.invokeProviderInSameClassLoader(ForkedBooter.java:384)
at org.apache.maven.surefire.booter.ForkedBooter.runSuitesInProcess(ForkedBooter.java:345)
at org.apache.maven.surefire.booter.ForkedBooter.execute(ForkedBooter.java:126)
at org.apache.maven.surefire.booter.ForkedBooter.main(ForkedBooter.java:418)
]]>
            </full-stacktrace>
          </exception> <!-- java.lang.NullPointerException -->
          <reporter-output>
          </reporter-output>
        </test-method> <!-- triggerNetIncomeJobForNewCustomer -->
        <test-method is-config="true" signature="deleteAllUploadFiles()[pri:0, instance:com.kindredgroup.seaffordabiltiygateway.integrationtest.RegisteredUsersInFileTest@4ef74c30]" started-at="2023-10-30T16:21:19 GMT" name="deleteAllUploadFiles" finished-at="2023-10-30T16:21:19 GMT" duration-ms="4" status="PASS">
          <reporter-output>
          </reporter-output>
        </test-method> <!-- deleteAllUploadFiles -->
        <test-method is-config="true" signature="springTestContextAfterTestMethod(java.lang.reflect.Method)[pri:0, instance:com.kindredgroup.seaffordabiltiygateway.integrationtest.RegisteredUsersInFileTest@4ef74c30]" started-at="2023-10-30T16:21:19 GMT" name="springTestContextAfterTestMethod" finished-at="2023-10-30T16:21:19 GMT" duration-ms="1" status="PASS">
          <params>
            <param index="0">
              <value>
                <![CDATA[public void com.kindredgroup.seaffordabiltiygateway.integrationtest.RegisteredUsersInFileTest.triggerNetIncomeJobForNewCustomer(int,int,boolean)]]>
              </value>
            </param>
          </params>
          <reporter-output>
          </reporter-output>
        </test-method> <!-- springTestContextAfterTestMethod -->
        <test-method is-config="true" signature="setGlobalFilePath()[pri:0, instance:com.kindredgroup.seaffordabiltiygateway.integrationtest.RegisteredUsersInFileTest@4ef74c30]" started-at="2023-10-30T16:21:19 GMT" name="setGlobalFilePath" finished-at="2023-10-30T16:21:19 GMT" duration-ms="0" status="PASS">
          <reporter-output>
          </reporter-output>
        </test-method> <!-- setGlobalFilePath -->
        <test-method is-config="true" signature="springTestContextBeforeTestMethod(java.lang.reflect.Method)[pri:0, instance:com.kindredgroup.seaffordabiltiygateway.integrationtest.RegisteredUsersInFileTest@4ef74c30]" started-at="2023-10-30T16:21:19 GMT" name="springTestContextBeforeTestMethod" finished-at="2023-10-30T16:21:19 GMT" duration-ms="0" status="PASS">
          <params>
            <param index="0">
              <value>
                <![CDATA[public void com.kindredgroup.seaffordabiltiygateway.integrationtest.RegisteredUsersInFileTest.triggerNetIncomeJobForNewCustomer(int,int,boolean)]]>
              </value>
            </param>
          </params>
          <reporter-output>
          </reporter-output>
        </test-method> <!-- springTestContextBeforeTestMethod -->
        <test-method signature="triggerNetIncomeJobForNewCustomer(int,int,boolean)[pri:0, instance:com.kindredgroup.seaffordabiltiygateway.integrationtest.RegisteredUsersInFileTest@4ef74c30]" started-at="2023-10-30T16:21:19 GMT" name="triggerNetIncomeJobForNewCustomer" description="Register SE customer with age from provider and upload file. Then deposit money, read the file and trigger netIncome job. Expected result: Net income and Last TI check have appropriate values in DB" data-provider="deposit" finished-at="2023-10-30T16:21:20 GMT" duration-ms="1396" status="PASS">
          <params>
            <param index="0">
              <value>
                <![CDATA[24001]]>
              </value>
            </param>
            <param index="1">
              <value>
                <![CDATA[20]]>
              </value>
            </param>
            <param index="2">
              <value>
                <![CDATA[true]]>
              </value>
            </param>
          </params>
          <reporter-output>
          </reporter-output>
        </test-method> <!-- triggerNetIncomeJobForNewCustomer -->
        <test-method is-config="true" signature="deleteAllUploadFiles()[pri:0, instance:com.kindredgroup.seaffordabiltiygateway.integrationtest.RegisteredUsersInFileTest@4ef74c30]" started-at="2023-10-30T16:21:20 GMT" name="deleteAllUploadFiles" finished-at="2023-10-30T16:21:20 GMT" duration-ms="3" status="PASS">
          <reporter-output>
          </reporter-output>
        </test-method> <!-- deleteAllUploadFiles -->
        <test-method is-config="true" signature="springTestContextAfterTestMethod(java.lang.reflect.Method)[pri:0, instance:com.kindredgroup.seaffordabiltiygateway.integrationtest.RegisteredUsersInFileTest@4ef74c30]" started-at="2023-10-30T16:21:20 GMT" name="springTestContextAfterTestMethod" finished-at="2023-10-30T16:21:20 GMT" duration-ms="1" status="PASS">
          <params>
            <param index="0">
              <value>
                <![CDATA[public void com.kindredgroup.seaffordabiltiygateway.integrationtest.RegisteredUsersInFileTest.triggerNetIncomeJobForNewCustomer(int,int,boolean)]]>
              </value>
            </param>
          </params>
          <reporter-output>
          </reporter-output>
        </test-method> <!-- springTestContextAfterTestMethod -->
        <test-method is-config="true" signature="springTestContextBeforeTestMethod(java.lang.reflect.Method)[pri:0, instance:com.kindredgroup.seaffordabiltiygateway.integrationtest.RegisteredUsersInFileTest@4ef74c30]" started-at="2023-10-30T16:21:20 GMT" name="springTestContextBeforeTestMethod" finished-at="2023-10-30T16:21:20 GMT" duration-ms="0" status="PASS">
          <params>
            <param index="0">
              <value>
                <![CDATA[public void com.kindredgroup.seaffordabiltiygateway.integrationtest.RegisteredUsersInFileTest.triggerNetIncomeJobForNewCustomer(int,int,boolean)]]>
              </value>
            </param>
          </params>
          <reporter-output>
          </reporter-output>
        </test-method> <!-- springTestContextBeforeTestMethod -->
        <test-method signature="triggerNetIncomeJobForNewCustomer(int,int,boolean)[pri:0, instance:com.kindredgroup.seaffordabiltiygateway.integrationtest.RegisteredUsersInFileTest@4ef74c30]" started-at="2023-10-30T16:21:20 GMT" name="triggerNetIncomeJobForNewCustomer" description="Register SE customer with age from provider and upload file. Then deposit money, read the file and trigger netIncome job. Expected result: Net income and Last TI check have appropriate values in DB" data-provider="deposit" finished-at="2023-10-30T16:21:22 GMT" duration-ms="1332" status="PASS">
          <params>
            <param index="0">
              <value>
                <![CDATA[24100]]>
              </value>
            </param>
            <param index="1">
              <value>
                <![CDATA[19]]>
              </value>
            </param>
            <param index="2">
              <value>
                <![CDATA[false]]>
              </value>
            </param>
          </params>
          <reporter-output>
          </reporter-output>
        </test-method> <!-- triggerNetIncomeJobForNewCustomer -->
        <test-method is-config="true" signature="setGlobalFilePath()[pri:0, instance:com.kindredgroup.seaffordabiltiygateway.integrationtest.RegisteredUsersInFileTest@4ef74c30]" started-at="2023-10-30T16:21:20 GMT" name="setGlobalFilePath" finished-at="2023-10-30T16:21:20 GMT" duration-ms="0" status="PASS">
          <reporter-output>
          </reporter-output>
        </test-method> <!-- setGlobalFilePath -->
        <test-method is-config="true" signature="deleteAllUploadFiles()[pri:0, instance:com.kindredgroup.seaffordabiltiygateway.integrationtest.RegisteredUsersInFileTest@4ef74c30]" started-at="2023-10-30T16:21:22 GMT" name="deleteAllUploadFiles" finished-at="2023-10-30T16:21:22 GMT" duration-ms="3" status="PASS">
          <reporter-output>
          </reporter-output>
        </test-method> <!-- deleteAllUploadFiles -->
        <test-method is-config="true" signature="springTestContextAfterTestMethod(java.lang.reflect.Method)[pri:0, instance:com.kindredgroup.seaffordabiltiygateway.integrationtest.RegisteredUsersInFileTest@4ef74c30]" started-at="2023-10-30T16:21:22 GMT" name="springTestContextAfterTestMethod" finished-at="2023-10-30T16:21:22 GMT" duration-ms="1" status="PASS">
          <params>
            <param index="0">
              <value>
                <![CDATA[public void com.kindredgroup.seaffordabiltiygateway.integrationtest.RegisteredUsersInFileTest.triggerNetIncomeJobForNewCustomer(int,int,boolean)]]>
              </value>
            </param>
          </params>
          <reporter-output>
          </reporter-output>
        </test-method> <!-- springTestContextAfterTestMethod -->
        <test-method is-config="true" signature="setGlobalFilePath()[pri:0, instance:com.kindredgroup.seaffordabiltiygateway.integrationtest.RegisteredUsersInFileTest@4ef74c30]" started-at="2023-10-30T16:21:22 GMT" name="setGlobalFilePath" finished-at="2023-10-30T16:21:22 GMT" duration-ms="0" status="PASS">
          <reporter-output>
          </reporter-output>
        </test-method> <!-- setGlobalFilePath -->
        <test-method signature="triggerNetIncomeJobForNewCustomer(int,int,boolean)[pri:0, instance:com.kindredgroup.seaffordabiltiygateway.integrationtest.RegisteredUsersInFileTest@4ef74c30]" started-at="2023-10-30T16:21:22 GMT" name="triggerNetIncomeJobForNewCustomer" description="Register SE customer with age from provider and upload file. Then deposit money, read the file and trigger netIncome job. Expected result: Net income and Last TI check have appropriate values in DB" data-provider="deposit" finished-at="2023-10-30T16:21:23 GMT" duration-ms="1354" status="PASS">
          <params>
            <param index="0">
              <value>
                <![CDATA[24000]]>
              </value>
            </param>
            <param index="1">
              <value>
                <![CDATA[21]]>
              </value>
            </param>
            <param index="2">
              <value>
                <![CDATA[false]]>
              </value>
            </param>
          </params>
          <reporter-output>
          </reporter-output>
        </test-method> <!-- triggerNetIncomeJobForNewCustomer -->
        <test-method is-config="true" signature="springTestContextBeforeTestMethod(java.lang.reflect.Method)[pri:0, instance:com.kindredgroup.seaffordabiltiygateway.integrationtest.RegisteredUsersInFileTest@4ef74c30]" started-at="2023-10-30T16:21:22 GMT" name="springTestContextBeforeTestMethod" finished-at="2023-10-30T16:21:22 GMT" duration-ms="0" status="PASS">
          <params>
            <param index="0">
              <value>
                <![CDATA[public void com.kindredgroup.seaffordabiltiygateway.integrationtest.RegisteredUsersInFileTest.triggerNetIncomeJobForNewCustomer(int,int,boolean)]]>
              </value>
            </param>
          </params>
          <reporter-output>
          </reporter-output>
        </test-method> <!-- springTestContextBeforeTestMethod -->
        <test-method is-config="true" signature="deleteAllUploadFiles()[pri:0, instance:com.kindredgroup.seaffordabiltiygateway.integrationtest.RegisteredUsersInFileTest@4ef74c30]" started-at="2023-10-30T16:21:23 GMT" name="deleteAllUploadFiles" finished-at="2023-10-30T16:21:23 GMT" duration-ms="4" status="PASS">
          <reporter-output>
          </reporter-output>
        </test-method> <!-- deleteAllUploadFiles -->
        <test-method is-config="true" signature="springTestContextAfterTestMethod(java.lang.reflect.Method)[pri:0, instance:com.kindredgroup.seaffordabiltiygateway.integrationtest.RegisteredUsersInFileTest@4ef74c30]" started-at="2023-10-30T16:21:23 GMT" name="springTestContextAfterTestMethod" finished-at="2023-10-30T16:21:23 GMT" duration-ms="1" status="PASS">
          <params>
            <param index="0">
              <value>
                <![CDATA[public void com.kindredgroup.seaffordabiltiygateway.integrationtest.RegisteredUsersInFileTest.triggerNetIncomeJobForNewCustomer(int,int,boolean)]]>
              </value>
            </param>
          </params>
          <reporter-output>
          </reporter-output>
        </test-method> <!-- springTestContextAfterTestMethod -->
        <test-method is-config="true" signature="springTestContextBeforeTestMethod(java.lang.reflect.Method)[pri:0, instance:com.kindredgroup.seaffordabiltiygateway.integrationtest.RegisteredUsersInFileTest@4ef74c30]" started-at="2023-10-30T16:21:23 GMT" name="springTestContextBeforeTestMethod" finished-at="2023-10-30T16:21:23 GMT" duration-ms="1" status="PASS">
          <params>
            <param index="0">
              <value>
                <![CDATA[public void com.kindredgroup.seaffordabiltiygateway.integrationtest.RegisteredUsersInFileTest.triggerNetIncomeJobForNewCustomer(int,int,boolean)]]>
              </value>
            </param>
          </params>
          <reporter-output>
          </reporter-output>
        </test-method> <!-- springTestContextBeforeTestMethod -->
        <test-method is-config="true" signature="setGlobalFilePath()[pri:0, instance:com.kindredgroup.seaffordabiltiygateway.integrationtest.RegisteredUsersInFileTest@4ef74c30]" started-at="2023-10-30T16:21:23 GMT" name="setGlobalFilePath" finished-at="2023-10-30T16:21:23 GMT" duration-ms="0" status="PASS">
          <reporter-output>
          </reporter-output>
        </test-method> <!-- setGlobalFilePath -->
        <test-method signature="triggerNetIncomeJobForNewCustomer(int,int,boolean)[pri:0, instance:com.kindredgroup.seaffordabiltiygateway.integrationtest.RegisteredUsersInFileTest@4ef74c30]" started-at="2023-10-30T16:21:23 GMT" name="triggerNetIncomeJobForNewCustomer" description="Register SE customer with age from provider and upload file. Then deposit money, read the file and trigger netIncome job. Expected result: Net income and Last TI check have appropriate values in DB" data-provider="deposit" finished-at="2023-10-30T16:21:24 GMT" duration-ms="1352" status="PASS">
          <params>
            <param index="0">
              <value>
                <![CDATA[23999]]>
              </value>
            </param>
            <param index="1">
              <value>
                <![CDATA[19]]>
              </value>
            </param>
            <param index="2">
              <value>
                <![CDATA[false]]>
              </value>
            </param>
          </params>
          <reporter-output>
          </reporter-output>
        </test-method> <!-- triggerNetIncomeJobForNewCustomer -->
        <test-method is-config="true" signature="deleteAllUploadFiles()[pri:0, instance:com.kindredgroup.seaffordabiltiygateway.integrationtest.RegisteredUsersInFileTest@4ef74c30]" started-at="2023-10-30T16:21:24 GMT" name="deleteAllUploadFiles" finished-at="2023-10-30T16:21:24 GMT" duration-ms="4" status="PASS">
          <reporter-output>
          </reporter-output>
        </test-method> <!-- deleteAllUploadFiles -->
        <test-method is-config="true" signature="springTestContextAfterTestMethod(java.lang.reflect.Method)[pri:0, instance:com.kindredgroup.seaffordabiltiygateway.integrationtest.RegisteredUsersInFileTest@4ef74c30]" started-at="2023-10-30T16:21:24 GMT" name="springTestContextAfterTestMethod" finished-at="2023-10-30T16:21:24 GMT" duration-ms="1" status="PASS">
          <params>
            <param index="0">
              <value>
                <![CDATA[public void com.kindredgroup.seaffordabiltiygateway.integrationtest.RegisteredUsersInFileTest.triggerNetIncomeJobForNewCustomer(int,int,boolean)]]>
              </value>
            </param>
          </params>
          <reporter-output>
          </reporter-output>
        </test-method> <!-- springTestContextAfterTestMethod -->
        <test-method is-config="true" signature="springTestContextAfterTestClass()[pri:0, instance:com.kindredgroup.seaffordabiltiygateway.integrationtest.RegisteredUsersInFileTest@4ef74c30]" started-at="2023-10-30T16:21:24 GMT" name="springTestContextAfterTestClass" finished-at="2023-10-30T16:21:24 GMT" duration-ms="1" status="PASS">
          <reporter-output>
          </reporter-output>
        </test-method> <!-- springTestContextAfterTestClass -->
      </class> <!-- com.kindredgroup.seaffordabiltiygateway.integrationtest.RegisteredUsersInFileTest -->
    </test> <!-- se-affordability-gateway-integration-test -->
  </suite> <!-- All Test Suite -->
</testng-results>
