<?xml version="1.0" encoding="UTF-8"?>
<testsuite xmlns:xsi="http://www.w3.org/2001/XMLSchema-instance" xsi:noNamespaceSchemaLocation="https://maven.apache.org/surefire/maven-surefire-plugin/xsd/surefire-test-report-3.0.xsd" version="3.0" name="TestSuite" time="18.692" tests="16" errors="0" skipped="1" failures="0">
  <properties>
[...]
</properties>
  <testcase name="verifyErasure" classname="com.kindredgroup.seaffordabiltiygateway.integrationtest.ErasureTest" time="3.256"/>
  <testcase name="deleteAllZipFilesTest" classname="com.kindredgroup.seaffordabiltiygateway.integrationtest.FileTest" time="0.016"/>
  <testcase name="getAllZipFilesTest" classname="com.kindredgroup.seaffordabiltiygateway.integrationtest.FileTest" time="0.089"/>
  <testcase name="uploadFileTest" classname="com.kindredgroup.seaffordabiltiygateway.integrationtest.FileTest" time="0.03"/>
  <testcase name="readFileTest" classname="com.kindredgroup.seaffordabiltiygateway.integrationtest.ReaderTest" time="0.863"/>
  <testcase name="testNetIncomes" classname="com.kindredgroup.seaffordabiltiygateway.integrationtest.ReaderTest" time="1.011"/>
  <testcase name="uploadCsvZipFileAndGetErrorMessageTest" classname="com.kindredgroup.seaffordabiltiygateway.integrationtest.NegativeFileTest" time="0.062"/>
  <testcase name="uploadFileWithWrongNumOfColumns" classname="com.kindredgroup.seaffordabiltiygateway.integrationtest.NegativeFileTest" time="0.105"/>
  <testcase name="uploadZipFileWithTwoTxtFiles" classname="com.kindredgroup.seaffordabiltiygateway.integrationtest.NegativeFileTest" time="0.105"/>
  <testcase name="uploadZipFileWithWrongColumnName" classname="com.kindredgroup.seaffordabiltiygateway.integrationtest.NegativeFileTest" time="0.096"/>
  <testcase name="tiLastDateIsCurrentDate" classname="com.kindredgroup.seaffordabiltiygateway.integrationtest.RegisteredUsersInFileTest" time="2.208"/>
  <testcase name="triggerNetIncomeJobForNewCustomer" classname="com.kindredgroup.seaffordabiltiygateway.integrationtest.RegisteredUsersInFileTest" time="0">
    <skipped message="Cannot invoke &quot;java.math.BigDecimal.toString()&quot; because the return value of &quot;com.kindredgroup.seaffordabilitygateway.integrationtest.dao.data.AffordabilityData.getNetIncome()&quot; is null"/>
    <system-out><![CDATA[16:21:18.028 [main] DEBUG org.springframework.web.reactive.function.client.ExchangeFunctions - [7a0f1f9d] HTTP DELETE https://mock32red.d2-si1.aws.kindredgroup.com/file/zip/all
16:21:18.031 [reactor-http-epoll-4] DEBUG reactor.netty.resources.PooledConnectionProvider - [id:e16f0c42, L:/10.77.71.9:37994 - R:mock32red.d2-si1.aws.kindredgroup.com/10.87.203.39:443] Channel acquired, now: 1 active connections, 0 inactive connections and 0 pending acquire requests.
16:21:18.031 [reactor-http-epoll-4] DEBUG reactor.netty.http.client.HttpClientConnect - [id:e16f0c42-18, L:/10.77.71.9:37994 - R:mock32red.d2-si1.aws.kindredgroup.com/10.87.203.39:443] Handler is being applied: {uri=https://mock32red.d2-si1.aws.kindredgroup.com/file/zip/all, method=DELETE}
16:21:18.031 [reactor-http-epoll-4] DEBUG reactor.netty.resources.DefaultPooledConnectionProvider - [id:e16f0c42-18, L:/10.77.71.9:37994 - R:mock32red.d2-si1.aws.kindredgroup.com/10.87.203.39:443] onStateChange(DELETE{uri=/file/zip/all, connection=PooledConnection{channel=[id: 0xe16f0c42, L:/10.77.71.9:37994 - R:mock32red.d2-si1.aws.kindredgroup.com/10.87.203.39:443]}}, [request_prepared])
16:21:18.032 [reactor-http-epoll-4] DEBUG reactor.netty.resources.DefaultPooledConnectionProvider - [id:e16f0c42-18, L:/10.77.71.9:37994 - R:mock32red.d2-si1.aws.kindredgroup.com/10.87.203.39:443] onStateChange(DELETE{uri=/file/zip/all, connection=PooledConnection{channel=[id: 0xe16f0c42, L:/10.77.71.9:37994 - R:mock32red.d2-si1.aws.kindredgroup.com/10.87.203.39:443]}}, [request_sent])
16:21:18.034 [reactor-http-epoll-4] DEBUG reactor.netty.http.client.HttpClientOperations - [id:e16f0c42-18, L:/10.77.71.9:37994 - R:mock32red.d2-si1.aws.kindredgroup.com/10.87.203.39:443] Received response (auto-read:false) : [Date=Mon, 30 Oct 2023 16:21:18 GMT, Connection=keep-alive, content-length=0]
16:21:18.034 [reactor-http-epoll-4] DEBUG reactor.netty.resources.DefaultPooledConnectionProvider - [id:e16f0c42-18, L:/10.77.71.9:37994 - R:mock32red.d2-si1.aws.kindredgroup.com/10.87.203.39:443] onStateChange(DELETE{uri=/file/zip/all, connection=PooledConnection{channel=[id: 0xe16f0c42, L:/10.77.71.9:37994 - R:mock32red.d2-si1.aws.kindredgroup.com/10.87.203.39:443]}}, [response_received])
16:21:18.034 [reactor-http-epoll-4] DEBUG org.springframework.web.reactive.function.client.ExchangeFunctions - [7a0f1f9d] [e16f0c42-18, L:/10.77.71.9:37994 - R:mock32red.d2-si1.aws.kindredgroup.com/10.87.203.39:443] Response 200 OK
16:21:18.034 [reactor-http-epoll-4] DEBUG reactor.netty.channel.FluxReceive - [id:e16f0c42-18, L:/10.77.71.9:37994 - R:mock32red.d2-si1.aws.kindredgroup.com/10.87.203.39:443] FluxReceive{pending=0, cancelled=false, inboundDone=false, inboundError=null}: subscribing inbound receiver
16:21:18.034 [reactor-http-epoll-4] DEBUG reactor.netty.http.client.HttpClientOperations - [id:e16f0c42-18, L:/10.77.71.9:37994 - R:mock32red.d2-si1.aws.kindredgroup.com/10.87.203.39:443] Received last HTTP packet
16:21:18.034 [reactor-http-epoll-4] DEBUG reactor.netty.resources.DefaultPooledConnectionProvider - [id:e16f0c42, L:/10.77.71.9:37994 - R:mock32red.d2-si1.aws.kindredgroup.com/10.87.203.39:443] onStateChange(DELETE{uri=/file/zip/all, connection=PooledConnection{channel=[id: 0xe16f0c42, L:/10.77.71.9:37994 - R:mock32red.d2-si1.aws.kindredgroup.com/10.87.203.39:443]}}, [response_completed])
16:21:18.034 [reactor-http-epoll-4] DEBUG reactor.netty.resources.DefaultPooledConnectionProvider - [id:e16f0c42, L:/10.77.71.9:37994 - R:mock32red.d2-si1.aws.kindredgroup.com/10.87.203.39:443] onStateChange(DELETE{uri=/file/zip/all, connection=PooledConnection{channel=[id: 0xe16f0c42, L:/10.77.71.9:37994 - R:mock32red.d2-si1.aws.kindredgroup.com/10.87.203.39:443]}}, [disconnecting])
16:21:18.034 [reactor-http-epoll-4] DEBUG reactor.netty.resources.DefaultPooledConnectionProvider - [id:e16f0c42, L:/10.77.71.9:37994 - R:mock32red.d2-si1.aws.kindredgroup.com/10.87.203.39:443] Releasing channel
16:21:18.034 [reactor-http-epoll-4] DEBUG reactor.netty.resources.PooledConnectionProvider - [id:e16f0c42, L:/10.77.71.9:37994 - R:mock32red.d2-si1.aws.kindredgroup.com/10.87.203.39:443] Channel cleaned, now: 0 active connections, 1 inactive connections and 0 pending acquire requests.
16:21:18.034 [main] DEBUG org.springframework.test.context.cache.DefaultCacheAwareContextLoaderDelegate - Retrieved ApplicationContext [369671357] from cache with key [[MergedContextConfiguration@9cdf13e testClass = RegisteredUsersInFileTest, locations = '{}', classes = '{class com.kindredgroup.seaffordabilitygateway.integrationtest.config.SeAffordabilityGatewayTestConfig}', contextInitializerClasses = '[]', activeProfiles = '{}', propertySourceLocations = '{classpath:config-${test.env}.properties}', propertySourceProperties = '{}', contextCustomizers = set[org.springframework.boot.test.context.filter.ExcludeFilterContextCustomizer@75d3a5e0, org.springframework.boot.test.json.DuplicateJsonObjectContextCustomizerFactory$DuplicateJsonObjectContextCustomizer@74e28667, org.springframework.boot.test.mock.mockito.MockitoContextCustomizer@0, org.springframework.boot.test.autoconfigure.actuate.metrics.MetricsExportContextCustomizerFactory$DisableMetricExportContextCustomizer@6c284af, org.springframework.boot.test.autoconfigure.properties.PropertyMappingContextCustomizer@0, org.springframework.boot.test.autoconfigure.web.servlet.WebDriverContextCustomizerFactory$Customizer@302c971f], contextLoader = 'org.springframework.test.context.support.DelegatingSmartContextLoader', parent = [null]]]
16:21:18.034 [main] DEBUG org.springframework.test.context.cache - Spring test ApplicationContext cache statistics: [DefaultContextCache@7a8b7e11 size = 1, maxSize = 32, parentContextCount = 0, hitCount = 61, missCount = 1]
16:21:18.035 [main] DEBUG org.springframework.test.context.support.AbstractDirtiesContextTestExecutionListener - After test method: context [DefaultTestContext@3749c6ac testClass = RegisteredUsersInFileTest, testInstance = com.kindredgroup.seaffordabiltiygateway.integrationtest.RegisteredUsersInFileTest@4ef74c30, testMethod = tiLastDateIsCurrentDate@RegisteredUsersInFileTest, testException = [null], mergedContextConfiguration = [MergedContextConfiguration@9cdf13e testClass = RegisteredUsersInFileTest, locations = '{}', classes = '{class com.kindredgroup.seaffordabilitygateway.integrationtest.config.SeAffordabilityGatewayTestConfig}', contextInitializerClasses = '[]', activeProfiles = '{}', propertySourceLocations = '{classpath:config-${test.env}.properties}', propertySourceProperties = '{}', contextCustomizers = set[org.springframework.boot.test.context.filter.ExcludeFilterContextCustomizer@75d3a5e0, org.springframework.boot.test.json.DuplicateJsonObjectContextCustomizerFactory$DuplicateJsonObjectContextCustomizer@74e28667, org.springframework.boot.test.mock.mockito.MockitoContextCustomizer@0, org.springframework.boot.test.autoconfigure.actuate.metrics.MetricsExportContextCustomizerFactory$DisableMetricExportContextCustomizer@6c284af, org.springframework.boot.test.autoconfigure.properties.PropertyMappingContextCustomizer@0, org.springframework.boot.test.autoconfigure.web.servlet.WebDriverContextCustomizerFactory$Customizer@302c971f], contextLoader = 'org.springframework.test.context.support.DelegatingSmartContextLoader', parent = [null]], attributes = map['org.springframework.test.context.event.ApplicationEventsTestExecutionListener.recordApplicationEvents' -> false]], class annotated with @DirtiesContext [false] with mode [null], method annotated with @DirtiesContext [false] with mode [null].
16:21:18.039 [main] DEBUG org.springframework.test.context.support.AbstractDirtiesContextTestExecutionListener - Before test method: context [DefaultTestContext@3749c6ac testClass = RegisteredUsersInFileTest, testInstance = com.kindredgroup.seaffordabiltiygateway.integrationtest.RegisteredUsersInFileTest@4ef74c30, testMethod = triggerNetIncomeJobForNewCustomer@RegisteredUsersInFileTest, testException = [null], mergedContextConfiguration = [MergedContextConfiguration@9cdf13e testClass = RegisteredUsersInFileTest, locations = '{}', classes = '{class com.kindredgroup.seaffordabilitygateway.integrationtest.config.SeAffordabilityGatewayTestConfig}', contextInitializerClasses = '[]', activeProfiles = '{}', propertySourceLocations = '{classpath:config-${test.env}.properties}', propertySourceProperties = '{}', contextCustomizers = set[org.springframework.boot.test.context.filter.ExcludeFilterContextCustomizer@75d3a5e0, org.springframework.boot.test.json.DuplicateJsonObjectContextCustomizerFactory$DuplicateJsonObjectContextCustomizer@74e28667, org.springframework.boot.test.mock.mockito.MockitoContextCustomizer@0, org.springframework.boot.test.autoconfigure.actuate.metrics.MetricsExportContextCustomizerFactory$DisableMetricExportContextCustomizer@6c284af, org.springframework.boot.test.autoconfigure.properties.PropertyMappingContextCustomizer@0, org.springframework.boot.test.autoconfigure.web.servlet.WebDriverContextCustomizerFactory$Customizer@302c971f], contextLoader = 'org.springframework.test.context.support.DelegatingSmartContextLoader', parent = [null]], attributes = map['org.springframework.test.context.event.ApplicationEventsTestExecutionListener.recordApplicationEvents' -> false]], class annotated with @DirtiesContext [false] with mode [null], method annotated with @DirtiesContext [false] with mode [null].
16:21:18.039 [main] DEBUG org.springframework.test.context.cache.DefaultCacheAwareContextLoaderDelegate - Retrieved ApplicationContext [369671357] from cache with key [[MergedContextConfiguration@9cdf13e testClass = RegisteredUsersInFileTest, locations = '{}', classes = '{class com.kindredgroup.seaffordabilitygateway.integrationtest.config.SeAffordabilityGatewayTestConfig}', contextInitializerClasses = '[]', activeProfiles = '{}', propertySourceLocations = '{classpath:config-${test.env}.properties}', propertySourceProperties = '{}', contextCustomizers = set[org.springframework.boot.test.context.filter.ExcludeFilterContextCustomizer@75d3a5e0, org.springframework.boot.test.json.DuplicateJsonObjectContextCustomizerFactory$DuplicateJsonObjectContextCustomizer@74e28667, org.springframework.boot.test.mock.mockito.MockitoContextCustomizer@0, org.springframework.boot.test.autoconfigure.actuate.metrics.MetricsExportContextCustomizerFactory$DisableMetricExportContextCustomizer@6c284af, org.springframework.boot.test.autoconfigure.properties.PropertyMappingContextCustomizer@0, org.springframework.boot.test.autoconfigure.web.servlet.WebDriverContextCustomizerFactory$Customizer@302c971f], contextLoader = 'org.springframework.test.context.support.DelegatingSmartContextLoader', parent = [null]]]
16:21:18.039 [main] DEBUG org.springframework.test.context.cache - Spring test ApplicationContext cache statistics: [DefaultContextCache@7a8b7e11 size = 1, maxSize = 32, parentContextCount = 0, hitCount = 62, missCount = 1]
16:21:18.039 [main] INFO com.kindredgroup.seaffordabilitygateway.integrationtest.testnglisteners.TestListener - Started ------> : triggerNetIncomeJobForNewCustomer
16:21:18.039 [main] INFO com.unibet.test.helper.common.testng.LoggingIInvokedMethodListener - ==============================================================================================================
16:21:18.039 [main] INFO com.unibet.test.helper.common.testng.LoggingIInvokedMethodListener - === Executing Test  2023-10-30 16:21:18.039- [RegisteredUsersInFileTest.triggerNetIncomeJobForNewCustomer] ===
16:21:18.039 [main] INFO com.unibet.test.helper.common.testng.LoggingIInvokedMethodListener - ==============================================================================================================
16:21:18.039 [main] DEBUG org.springframework.test.context.cache.DefaultCacheAwareContextLoaderDelegate - Retrieved ApplicationContext [369671357] from cache with key [[MergedContextConfiguration@9cdf13e testClass = RegisteredUsersInFileTest, locations = '{}', classes = '{class com.kindredgroup.seaffordabilitygateway.integrationtest.config.SeAffordabilityGatewayTestConfig}', contextInitializerClasses = '[]', activeProfiles = '{}', propertySourceLocations = '{classpath:config-${test.env}.properties}', propertySourceProperties = '{}', contextCustomizers = set[org.springframework.boot.test.context.filter.ExcludeFilterContextCustomizer@75d3a5e0, org.springframework.boot.test.json.DuplicateJsonObjectContextCustomizerFactory$DuplicateJsonObjectContextCustomizer@74e28667, org.springframework.boot.test.mock.mockito.MockitoContextCustomizer@0, org.springframework.boot.test.autoconfigure.actuate.metrics.MetricsExportContextCustomizerFactory$DisableMetricExportContextCustomizer@6c284af, org.springframework.boot.test.autoconfigure.properties.PropertyMappingContextCustomizer@0, org.springframework.boot.test.autoconfigure.web.servlet.WebDriverContextCustomizerFactory$Customizer@302c971f], contextLoader = 'org.springframework.test.context.support.DelegatingSmartContextLoader', parent = [null]]]
16:21:18.039 [main] DEBUG org.springframework.test.context.cache - Spring test ApplicationContext cache statistics: [DefaultContextCache@7a8b7e11 size = 1, maxSize = 32, parentContextCount = 0, hitCount = 63, missCount = 1]
16:21:18.042 [main] INFO com.unibet.test.helper.custard.customer.ssn.SwedishSsnFactory - Generated Swedish ssn: 0310305156
16:21:18.043 [main] DEBUG org.springframework.web.reactive.function.client.ExchangeFunctions - [1d86b636] HTTP POST http://internal-api.si1.unibet.com/customer-search-service/v1/customers
16:21:18.043 [reactor-http-epoll-2] DEBUG reactor.netty.resources.PooledConnectionProvider - [id:9b3f3980, L:/10.77.71.9:54988 - R:internal-api.si1.unibet.com/10.5.0.71:80] Channel acquired, now: 1 active connections, 0 inactive connections and 0 pending acquire requests.
16:21:18.043 [reactor-http-epoll-2] DEBUG reactor.netty.http.client.HttpClientConnect - [id:9b3f3980-16, L:/10.77.71.9:54988 - R:internal-api.si1.unibet.com/10.5.0.71:80] Handler is being applied: {uri=http://internal-api.si1.unibet.com/customer-search-service/v1/customers, method=POST}
16:21:18.043 [reactor-http-epoll-2] DEBUG reactor.netty.resources.DefaultPooledConnectionProvider - [id:9b3f3980-16, L:/10.77.71.9:54988 - R:internal-api.si1.unibet.com/10.5.0.71:80] onStateChange(POST{uri=/customer-search-service/v1/customers, connection=PooledConnection{channel=[id: 0x9b3f3980, L:/10.77.71.9:54988 - R:internal-api.si1.unibet.com/10.5.0.71:80]}}, [request_prepared])
16:21:18.044 [reactor-http-epoll-2] DEBUG org.springframework.http.codec.json.Jackson2JsonEncoder - [1d86b636] Encoding [SearchCriteria(brand=null, jurisdiction=null, username=null, email=null, firstName=null, lastName=nu (truncated)...]
16:21:18.044 [reactor-http-epoll-2] DEBUG reactor.netty.resources.DefaultPooledConnectionProvider - [id:9b3f3980-16, L:/10.77.71.9:54988 - R:internal-api.si1.unibet.com/10.5.0.71:80] onStateChange(POST{uri=/customer-search-service/v1/customers, connection=PooledConnection{channel=[id: 0x9b3f3980, L:/10.77.71.9:54988 - R:internal-api.si1.unibet.com/10.5.0.71:80]}}, [request_sent])
16:21:18.069 [reactor-http-epoll-2] DEBUG reactor.netty.http.client.HttpClientOperations - [id:9b3f3980-16, L:/10.77.71.9:54988 - R:internal-api.si1.unibet.com/10.5.0.71:80] Received response (auto-read:false) : [Server=kindred-SD-loadbalancer, Date=Mon, 30 Oct 2023 16:21:18 GMT, Content-Type=application/json, Connection=keep-alive, Keep-Alive=timeout=1800, X-Request-ID=cf5af99d16447412d2961c99a53d6260, Access-Control-Allow-Origin=*, X-SD-Host=singledong1, X-SD-Upstream=10.59.131.56:30015:kubernetes-ssl-ingress, X-Kindred-Env=SI1.MT1, X-Debug-Request-Id=cf5af99d16447412d2961c99a53d6260, content-length=16]
16:21:18.070 [reactor-http-epoll-2] DEBUG reactor.netty.resources.DefaultPooledConnectionProvider - [id:9b3f3980-16, L:/10.77.71.9:54988 - R:internal-api.si1.unibet.com/10.5.0.71:80] onStateChange(POST{uri=/customer-search-service/v1/customers, connection=PooledConnection{channel=[id: 0x9b3f3980, L:/10.77.71.9:54988 - R:internal-api.si1.unibet.com/10.5.0.71:80]}}, [response_received])
16:21:18.070 [reactor-http-epoll-2] DEBUG org.springframework.web.reactive.function.client.ExchangeFunctions - [1d86b636] [9b3f3980-16, L:/10.77.71.9:54988 - R:internal-api.si1.unibet.com/10.5.0.71:80] Response 200 OK
16:21:18.070 [reactor-http-epoll-2] DEBUG reactor.netty.http.client.HttpClientOperations - [id:9b3f3980-16, L:/10.77.71.9:54988 - R:internal-api.si1.unibet.com/10.5.0.71:80] Received last HTTP packet
16:21:18.070 [reactor-http-epoll-2] DEBUG reactor.netty.resources.DefaultPooledConnectionProvider - [id:9b3f3980, L:/10.77.71.9:54988 - R:internal-api.si1.unibet.com/10.5.0.71:80] onStateChange(POST{uri=/customer-search-service/v1/customers, connection=PooledConnection{channel=[id: 0x9b3f3980, L:/10.77.71.9:54988 - R:internal-api.si1.unibet.com/10.5.0.71:80]}}, [response_completed])
16:21:18.070 [reactor-http-epoll-2] DEBUG reactor.netty.resources.DefaultPooledConnectionProvider - [id:9b3f3980, L:/10.77.71.9:54988 - R:internal-api.si1.unibet.com/10.5.0.71:80] onStateChange(POST{uri=/customer-search-service/v1/customers, connection=PooledConnection{channel=[id: 0x9b3f3980, L:/10.77.71.9:54988 - R:internal-api.si1.unibet.com/10.5.0.71:80]}}, [disconnecting])
16:21:18.070 [reactor-http-epoll-2] DEBUG reactor.netty.resources.DefaultPooledConnectionProvider - [id:9b3f3980, L:/10.77.71.9:54988 - R:internal-api.si1.unibet.com/10.5.0.71:80] Releasing channel
16:21:18.070 [reactor-http-epoll-2] DEBUG reactor.netty.resources.PooledConnectionProvider - [id:9b3f3980, L:/10.77.71.9:54988 - R:internal-api.si1.unibet.com/10.5.0.71:80] Channel cleaned, now: 0 active connections, 1 inactive connections and 0 pending acquire requests.
16:21:18.070 [reactor-http-epoll-2] DEBUG reactor.netty.channel.FluxReceive - [id:9b3f3980, L:/10.77.71.9:54988 - R:internal-api.si1.unibet.com/10.5.0.71:80] FluxReceive{pending=1, cancelled=false, inboundDone=true, inboundError=null}: subscribing inbound receiver
16:21:18.070 [reactor-http-epoll-2] DEBUG org.springframework.http.codec.json.Jackson2JsonDecoder - [1d86b636] [9b3f3980-16, L:/10.77.71.9:54988 - R:internal-api.si1.unibet.com/10.5.0.71:80] Decoded [SearchResponse{customers=[]}]
16:21:18.070 [main] INFO com.unibet.test.helper.custard.service.CreateCustomer - SSN: 200310305156 is available to use for creating the customer
16:21:18.071 [main] DEBUG org.springframework.web.reactive.function.client.ExchangeFunctions - [e0c03bd] HTTP POST https://www-si1.unibet.com/registration-api/captcha?bootstrap-session=false
16:21:18.071 [reactor-http-epoll-3] DEBUG reactor.netty.resources.PooledConnectionProvider - [id:80d80080, L:/10.77.71.9:38722 - R:www-si1.unibet.com/85.184.97.4:443] Channel acquired, now: 1 active connections, 0 inactive connections and 0 pending acquire requests.
16:21:18.071 [reactor-http-epoll-3] DEBUG reactor.netty.http.client.HttpClientConnect - [id:80d80080-5, L:/10.77.71.9:38722 - R:www-si1.unibet.com/85.184.97.4:443] Handler is being applied: {uri=https://www-si1.unibet.com/registration-api/captcha?bootstrap-session=false, method=POST}
16:21:18.071 [reactor-http-epoll-3] DEBUG reactor.netty.resources.DefaultPooledConnectionProvider - [id:80d80080-5, L:/10.77.71.9:38722 - R:www-si1.unibet.com/85.184.97.4:443] onStateChange(POST{uri=/registration-api/captcha?bootstrap-session=false, connection=PooledConnection{channel=[id: 0x80d80080, L:/10.77.71.9:38722 - R:www-si1.unibet.com/85.184.97.4:443]}}, [request_prepared])
16:21:18.072 [reactor-http-epoll-3] DEBUG org.springframework.http.codec.json.Jackson2JsonEncoder - [e0c03bd] Encoding [CaptchaRequest(customer=Customer(brand=unibet, jurisdiction=SE, firstName=pydms, lastName=zurl, emai (truncated)...]
16:21:18.073 [reactor-http-epoll-3] DEBUG reactor.netty.resources.DefaultPooledConnectionProvider - [id:80d80080-5, L:/10.77.71.9:38722 - R:www-si1.unibet.com/85.184.97.4:443] onStateChange(POST{uri=/registration-api/captcha?bootstrap-session=false, connection=PooledConnection{channel=[id: 0x80d80080, L:/10.77.71.9:38722 - R:www-si1.unibet.com/85.184.97.4:443]}}, [request_sent])
16:21:18.298 [reactor-http-epoll-3] DEBUG reactor.netty.http.client.HttpClientOperations - [id:80d80080-5, L:/10.77.71.9:38722 - R:www-si1.unibet.com/85.184.97.4:443] Received response (auto-read:false) : [Date=Mon, 30 Oct 2023 16:21:18 GMT, Content-Type=application/json, Connection=keep-alive, X-Request-ID=51e709539d5c8bbdc6646422220d44b5, Access-Control-Allow-Origin=*, Location=https://www-si1.unibet.com/custard/pubcustard/secure/customers/profile, X-SD-Host=singledong0, X-Kindred-Env=SI1.MT1, X-Debug-Request-Id=51e709539d5c8bbdc6646422220d44b5, Server=kindred-loadbalancer, Strict-Transport-Security=max-age=63072000; preload, X-Frame-Options=SAMEORIGIN, X-XSS-Protection=1; mode=block, X-Content-Type-Options=nosniff, Content-Security-Policy=default-src 'unsafe-inline' 'unsafe-eval' http: https: data: wss: blob: jockey: unibetpro: *;, X-Browser-Class=M, X-OS-Class=M, X-Cache-Buster-Less-Uri=/registration-api/captcha?bootstrap-session=false, X-DD-Host=elb1.lb.si1.mt1.kindredtech.net, X-DD-Upstream-Address=10.5.0.66:8000, Set-Cookie=clientId=polopoly_desktop; Domain=www-si1.unibet.com; Path=/; SameSite=None; Secure, X-Kindred-ClientID=polopoly_desktop, content-length=125]
16:21:18.298 [reactor-http-epoll-3] DEBUG reactor.netty.resources.DefaultPooledConnectionProvider - [id:80d80080-5, L:/10.77.71.9:38722 - R:www-si1.unibet.com/85.184.97.4:443] onStateChange(POST{uri=/registration-api/captcha?bootstrap-session=false, connection=PooledConnection{channel=[id: 0x80d80080, L:/10.77.71.9:38722 - R:www-si1.unibet.com/85.184.97.4:443]}}, [response_received])
16:21:18.298 [reactor-http-epoll-3] DEBUG org.springframework.web.reactive.function.client.ExchangeFunctions - [e0c03bd] [80d80080-5, L:/10.77.71.9:38722 - R:www-si1.unibet.com/85.184.97.4:443] Response 201 CREATED
16:21:18.298 [reactor-http-epoll-3] DEBUG reactor.netty.http.client.HttpClientOperations - [id:80d80080-5, L:/10.77.71.9:38722 - R:www-si1.unibet.com/85.184.97.4:443] Received last HTTP packet
16:21:18.298 [reactor-http-epoll-3] DEBUG reactor.netty.resources.DefaultPooledConnectionProvider - [id:80d80080, L:/10.77.71.9:38722 - R:www-si1.unibet.com/85.184.97.4:443] onStateChange(POST{uri=/registration-api/captcha?bootstrap-session=false, connection=PooledConnection{channel=[id: 0x80d80080, L:/10.77.71.9:38722 - R:www-si1.unibet.com/85.184.97.4:443]}}, [response_completed])
16:21:18.298 [reactor-http-epoll-3] DEBUG reactor.netty.resources.DefaultPooledConnectionProvider - [id:80d80080, L:/10.77.71.9:38722 - R:www-si1.unibet.com/85.184.97.4:443] onStateChange(POST{uri=/registration-api/captcha?bootstrap-session=false, connection=PooledConnection{channel=[id: 0x80d80080, L:/10.77.71.9:38722 - R:www-si1.unibet.com/85.184.97.4:443]}}, [disconnecting])
16:21:18.298 [reactor-http-epoll-3] DEBUG reactor.netty.resources.DefaultPooledConnectionProvider - [id:80d80080, L:/10.77.71.9:38722 - R:www-si1.unibet.com/85.184.97.4:443] Releasing channel
16:21:18.298 [reactor-http-epoll-3] DEBUG reactor.netty.resources.PooledConnectionProvider - [id:80d80080, L:/10.77.71.9:38722 - R:www-si1.unibet.com/85.184.97.4:443] Channel cleaned, now: 0 active connections, 1 inactive connections and 0 pending acquire requests.
16:21:18.299 [reactor-http-epoll-3] DEBUG reactor.netty.channel.FluxReceive - [id:80d80080, L:/10.77.71.9:38722 - R:www-si1.unibet.com/85.184.97.4:443] FluxReceive{pending=1, cancelled=false, inboundDone=true, inboundError=null}: subscribing inbound receiver
16:21:18.299 [reactor-http-epoll-3] DEBUG org.springframework.http.codec.json.Jackson2JsonDecoder - [e0c03bd] [80d80080-5, L:/10.77.71.9:38722 - R:www-si1.unibet.com/85.184.97.4:443] Decoded [CaptchaResponse(customerId=145635128)]
16:21:18.299 [main] DEBUG org.springframework.web.client.RestTemplate - HTTP GET http://internal-api-si1.unibet.com:80/custard/rest/customers/145635128/profile
16:21:18.299 [main] DEBUG org.springframework.web.client.RestTemplate - Accept=[text/plain, application/json, application/*+json, */*]
16:21:18.300 [main] DEBUG org.apache.http.client.protocol.RequestAddCookies - CookieSpec selected: default
16:21:18.300 [main] DEBUG org.apache.http.client.protocol.RequestAuthCache - Auth cache not set in the context
16:21:18.300 [main] DEBUG org.apache.http.impl.conn.PoolingHttpClientConnectionManager - Connection request: [route: {}->http://internal-api-si1.unibet.com:80][total available: 1; route allocated: 1 of 20; total allocated: 1 of 20]
16:21:18.301 [main] DEBUG org.apache.http.wire - http-outgoing-4 << "[read] I/O error: Read timed out"
16:21:18.301 [main] DEBUG org.apache.http.impl.conn.PoolingHttpClientConnectionManager - Connection leased: [id: 4][route: {}->http://internal-api-si1.unibet.com:80][total available: 0; route allocated: 1 of 20; total allocated: 1 of 20]
16:21:18.301 [main] DEBUG org.apache.http.impl.conn.DefaultManagedHttpClientConnection - http-outgoing-4: set socket timeout to 0
16:21:18.301 [main] DEBUG org.apache.http.impl.conn.DefaultManagedHttpClientConnection - http-outgoing-4: set socket timeout to 5000
16:21:18.301 [main] DEBUG org.apache.http.impl.execchain.MainClientExec - Executing request GET /custard/rest/customers/145635128/profile HTTP/1.1
16:21:18.301 [main] DEBUG org.apache.http.impl.execchain.MainClientExec - Target auth state: UNCHALLENGED
16:21:18.301 [main] DEBUG org.apache.http.impl.execchain.MainClientExec - Proxy auth state: UNCHALLENGED
16:21:18.301 [main] DEBUG org.apache.http.headers - http-outgoing-4 >> GET /custard/rest/customers/145635128/profile HTTP/1.1
16:21:18.301 [main] DEBUG org.apache.http.headers - http-outgoing-4 >> Accept: text/plain, application/json, application/*+json, */*
16:21:18.301 [main] DEBUG org.apache.http.headers - http-outgoing-4 >> Content-Type: application/json
16:21:18.301 [main] DEBUG org.apache.http.headers - http-outgoing-4 >> Client-App: TSTester
16:21:18.301 [main] DEBUG org.apache.http.headers - http-outgoing-4 >> Client-Version: 3.0.492
16:21:18.301 [main] DEBUG org.apache.http.headers - http-outgoing-4 >> Host: internal-api-si1.unibet.com:80
16:21:18.301 [main] DEBUG org.apache.http.headers - http-outgoing-4 >> Connection: Keep-Alive
16:21:18.301 [main] DEBUG org.apache.http.headers - http-outgoing-4 >> User-Agent: Apache-HttpClient/4.5.13 (Java/17.0.8.1)
16:21:18.301 [main] DEBUG org.apache.http.headers - http-outgoing-4 >> Accept-Encoding: gzip,deflate
16:21:18.301 [main] DEBUG org.apache.http.wire - http-outgoing-4 >> "GET /custard/rest/customers/145635128/profile HTTP/1.1[\r][\n]"
16:21:18.301 [main] DEBUG org.apache.http.wire - http-outgoing-4 >> "Accept: text/plain, application/json, application/*+json, */*[\r][\n]"
16:21:18.301 [main] DEBUG org.apache.http.wire - http-outgoing-4 >> "Content-Type: application/json[\r][\n]"
16:21:18.301 [main] DEBUG org.apache.http.wire - http-outgoing-4 >> "Client-App: TSTester[\r][\n]"
16:21:18.301 [main] DEBUG org.apache.http.wire - http-outgoing-4 >> "Client-Version: 3.0.492[\r][\n]"
16:21:18.301 [main] DEBUG org.apache.http.wire - http-outgoing-4 >> "Host: internal-api-si1.unibet.com:80[\r][\n]"
16:21:18.301 [main] DEBUG org.apache.http.wire - http-outgoing-4 >> "Connection: Keep-Alive[\r][\n]"
16:21:18.301 [main] DEBUG org.apache.http.wire - http-outgoing-4 >> "User-Agent: Apache-HttpClient/4.5.13 (Java/17.0.8.1)[\r][\n]"
16:21:18.301 [main] DEBUG org.apache.http.wire - http-outgoing-4 >> "Accept-Encoding: gzip,deflate[\r][\n]"
16:21:18.301 [main] DEBUG org.apache.http.wire - http-outgoing-4 >> "[\r][\n]"
16:21:18.323 [main] DEBUG org.apache.http.wire - http-outgoing-4 << "HTTP/1.1 200 OK[\r][\n]"
16:21:18.323 [main] DEBUG org.apache.http.wire - http-outgoing-4 << "Server: kindred-SD-loadbalancer[\r][\n]"
16:21:18.323 [main] DEBUG org.apache.http.wire - http-outgoing-4 << "Date: Mon, 30 Oct 2023 16:21:18 GMT[\r][\n]"
16:21:18.323 [main] DEBUG org.apache.http.wire - http-outgoing-4 << "Content-Type: application/json;charset=utf-8[\r][\n]"
16:21:18.323 [main] DEBUG org.apache.http.wire - http-outgoing-4 << "Transfer-Encoding: chunked[\r][\n]"
16:21:18.323 [main] DEBUG org.apache.http.wire - http-outgoing-4 << "Connection: keep-alive[\r][\n]"
16:21:18.323 [main] DEBUG org.apache.http.wire - http-outgoing-4 << "Keep-Alive: timeout=1800[\r][\n]"
16:21:18.323 [main] DEBUG org.apache.http.wire - http-outgoing-4 << "Vary: Accept-Encoding[\r][\n]"
16:21:18.323 [main] DEBUG org.apache.http.wire - http-outgoing-4 << "X-Request-ID: 2176fda33449f01690eca27aff78ad8a[\r][\n]"
16:21:18.323 [main] DEBUG org.apache.http.wire - http-outgoing-4 << "Access-Control-Allow-Origin: *[\r][\n]"
16:21:18.323 [main] DEBUG org.apache.http.wire - http-outgoing-4 << "X-SD-Host: singledong0[\r][\n]"
16:21:18.323 [main] DEBUG org.apache.http.wire - http-outgoing-4 << "X-SD-Upstream: 10.59.131.116:30015:kubernetes-ssl-ingress[\r][\n]"
16:21:18.323 [main] DEBUG org.apache.http.wire - http-outgoing-4 << "X-Kindred-Env: SI1.MT1[\r][\n]"
16:21:18.323 [main] DEBUG org.apache.http.wire - http-outgoing-4 << "X-Debug-Request-Id: 2176fda33449f01690eca27aff78ad8a[\r][\n]"
16:21:18.323 [main] DEBUG org.apache.http.wire - http-outgoing-4 << "Content-Encoding: gzip[\r][\n]"
16:21:18.323 [main] DEBUG org.apache.http.wire - http-outgoing-4 << "[\r][\n]"
16:21:18.323 [main] DEBUG org.apache.http.wire - http-outgoing-4 << "343[\r][\n]"
16:21:18.323 [main] DEBUG org.apache.http.wire - http-outgoing-4 << "[0x1f][0x8b][0x8][0x0][0x0][0x0][0x0][0x0][0x4][0x3]mTQo[0xdb]8[0xc][0xfe]+[0x85]^[0xcf]WXN[0x1d][0xbb]y:/[0xf6][0xae][0xc6][0x1a][0xa7]H[0xda][0x1e]p[0xc3]!Pd:[0xd1]&K[0x86]$w[0xf3][0x8a][0xfe][0xf7][0xa3][0xec][0xb4][0xe9][0xee][0x6][0xe4][0xc1]![0xf9]Q[0xe4][0xc7][0x8f]|&[0xbd][0x5][0xa3]X[0xb]dAz%[0xf6][0xe0]v4[0xbe][0xa6][0xe1][0xd5],L[0xe2]$[0x9]I@[0x1c]X[0xf7][0x80]Qd[0xd1]0i! [0xfc][0xc8][0xd4][0x1]r[0xe6][0x10][0xa4]z)[0xd1]b[0x0][0xff][0xd5][0x1f][0x8d]n[0xcb][0xe]3[0xd1][0xf0]2I.[0xe7][0xe9]e[0x14][0xf9][0xc]'[0xf7][0x84][0xa0][0xf3][0xeb]t[0x9e]Fi[0x92][0x86]a[0x18][0x10][0xdd][0x81]aNh[0xc5]d[0xe6][0x9c][0x11][0xfb][0x1e][0xdf]#[0x8b]g[0xf2][0xb0]-6[0xbb]*[[0x15][0xbb][0x9b]2[0xcf][0x8b][\n]"
16:21:18.323 [main] DEBUG org.apache.http.wire - http-outgoing-4 << "[0xd3]:[0xd3][0x3][0xa6]+[0x95][0x3]UC[0xfd]'k[0x85]:d[0xdc][0x89]'[0xe1][0x6][0xf4][0xc7]![0xbd]([0x1e]6[0x17][0xbf]_D[0x98][0xdb]b[0xf4][0xf2]&[0xab][0xaa][0xe2]v[0xf7]Xl[0xca][0x8f][0xe5]2[0xbb]/[0xd7][0xd5]nU[0xdc][0xdf][0xac][0xf3]-b[0xee]n[0xd6]U[0x11][0x14][0xab][0xac][0xbc][0xc5][0xe0][0xa3]na[0xdd][0xac][0xb4][0x2][0x9f]o%jf[0xc9]K@D[0x9d]k[0xde][0xb7][0xa0][0x9c][0xaf]LX[0xdb]C[0xbd][0xf7][0x11]wLK[0x8d][0xb8][0x1a][0xdb]_7[0xa5]w[0x90][0xc5]g[0x8a][0x1d][0x6]i0[0xfb][0x7][0x1d]'\[0xd5][0xb7]{O![0xc9]>,i4[0x9b]~[0x8][0xec]$[0xe3]g$[0xd9][0xe8][0x96][0xa1][0x15][0xbe]w[0xc2][0xc][0xef][0x19]vC[0xe7]G[0x14]R_[0x8e][0x3][0xd3][0xda]L[0xd5]K[0xad]j[0xe1][0xb9][0xb3][0x19][0xe7][0xd0][0xb9][0x9][0xf0]9[\n]"
16:21:18.323 [main] DEBUG org.apache.http.wire - http-outgoing-4 << "[0xa3]Y@[0xc3]`[0x16]b[0x1][0x9d][0x11]O[0x8c][0xf][0x95]v[0x82][0xc3][0x14][0x6]5[0xd6]x[0xe][\n]"
16:21:18.323 [main] DEBUG org.apache.http.wire - http-outgoing-4 << "h[0x12]D4[0xa0]i[0xe0][0xe3][0xf][0x9e]Z,[0x94][0xe2]h8[0xef][0xbb]q6[0xf8]r[0xe]V[0x1c][0x14]z0%3N0[0xb9][0xb5][0xea]u[0xfe]V7.[0x7][0x9][0xa8][0x81][0xb3]J[0xb4]r[0x8c][0xbb]R5[0xda][0xb4][0xa7],[0xcf][0xa4]a[0xdf]_[0xa9][0x98][0xa4][0xd3][0xea][0xbd][0x90][0xf0][0xb3][0xad];[0xe2][0x0]&[0xd3]#[0x18][0xd1][0x88]wi[0xdf][0xf9][0xb0][0xaa][0xdf][0xae][0xe6]qr[0x95][0xd0]8Lc[0xaf][0xb4]N[[0x87]B[0xaa]k[0x3]vT[0x11][0x9f][0x94][0xb1]u[0x9a]=j[0xd9][0xbe][0xc5],u[0xed][0x9][0xc5]ID[0xd7]hd[0x13]$[0x7][0xc7][0x84][0xf4]H[0xa4][0xd9]:[0x3][0x80][0x13]'[0x1f][0x98][0xfa][0x8a]J[0xbb][0xa0][0x11]FN[0xd6][0xe8][0xb5]u[0xae]{[0xe5][0xcc]pJ[0xb7]-[0xc6][0x88]w[0xab]a[0xe0][0x80][0x3][0x9a][0xa2]_0[0xa9]_[0x1e][0x5]r[0xea][0x8b][0x8f][0xbc]l[0x1d]s=[0xbe]I[0x1e][0xaa][0xc7]Q[0xa4]E[0x8e]Y[0xa0][0xc5]J[0xfe][0xd7][0xbe][0x1a][0x11]L[0x9e][0xda][0xf2][0xcf][0xed][0x85]qGO[0xb3][0xd7][0xe6]/[0xfa][0xfd]E[0x85]#[0xe4]M-[0xe1]Y-[0x92]YW[0x8d][0xd7]`[0x9a][0xce]O[0xd5][0x9f]j[0xc2]B[0x8d][0xfe]2[0xd8]?zw[0xec]/[0xeb]n[0xe0][0xbe]g/[0x6][0x82]k7[0xa3][0xe1],[0x8c]i<Gcg[0xa0][0x1][0x3][0x8a]O[0x1b]-5g[0xd2][0x93]n[0x9f]v#QN[0xb4][0xf0]7[0x8e][0xfa][0x8d][0xcb][0xde][0xf8]h[0xbf]X[0xdb][0xe2][0x13]&`[0xa3][0xac][0xef][0xbc][0x1c][0x96]L[0xfa][0xb9][0x9c]N[0x90]B97[0xc3][0xaa][0x97]Nt[0x12]n[0xf5]A[0xa8][0xff]:7[0xf0][0x4][0xc6][0xc2]_[0xc2][0x1d]k[0xc3][0xbe]1I[0x16][0xfe]~[0xe0][0x8][0xe][0xa0]?[0x8d][0xfb]=[0x16][0xd1][0x8][0xf3][0xda]3[0xe9][0x86][0xba][0xb5][0xf8][0xee][0x99][0x6][0xf2][0xa3]7[0x12]-[0x9e][0x8][0x9c][0xfc][0xc8][0xfe]r[0x1a]!V[0xf9][\r][0xf6][0xe8][0xe3][0xbd]ux7L[0x89][0xe2][0xa7]W[0xf1]|[0x16][0xd3](=[0xdf][0xcd][0xfb]qu'>[0xbf][0xf4]F[0xd8]Z[0xe0][0xc9][0xf2][0x9a][0xc0].[0x11][0xbe]7L![0xf2]t~[0xc9][0xcb][0xbf][0x92][0xb8]}[0x1c][0x94][0x5][0x0][0x0][\r][\n]"
16:21:18.323 [main] DEBUG org.apache.http.wire - http-outgoing-4 << "0[\r][\n]"
16:21:18.323 [main] DEBUG org.apache.http.wire - http-outgoing-4 << "[\r][\n]"
16:21:18.323 [main] DEBUG org.apache.http.headers - http-outgoing-4 << HTTP/1.1 200 OK
16:21:18.323 [main] DEBUG org.apache.http.headers - http-outgoing-4 << Server: kindred-SD-loadbalancer
16:21:18.323 [main] DEBUG org.apache.http.headers - http-outgoing-4 << Date: Mon, 30 Oct 2023 16:21:18 GMT
16:21:18.323 [main] DEBUG org.apache.http.headers - http-outgoing-4 << Content-Type: application/json;charset=utf-8
16:21:18.323 [main] DEBUG org.apache.http.headers - http-outgoing-4 << Transfer-Encoding: chunked
16:21:18.323 [main] DEBUG org.apache.http.headers - http-outgoing-4 << Connection: keep-alive
16:21:18.323 [main] DEBUG org.apache.http.headers - http-outgoing-4 << Keep-Alive: timeout=1800
16:21:18.323 [main] DEBUG org.apache.http.headers - http-outgoing-4 << Vary: Accept-Encoding
16:21:18.323 [main] DEBUG org.apache.http.headers - http-outgoing-4 << X-Request-ID: 2176fda33449f01690eca27aff78ad8a
16:21:18.323 [main] DEBUG org.apache.http.headers - http-outgoing-4 << Access-Control-Allow-Origin: *
16:21:18.323 [main] DEBUG org.apache.http.headers - http-outgoing-4 << X-SD-Host: singledong0
16:21:18.323 [main] DEBUG org.apache.http.headers - http-outgoing-4 << X-SD-Upstream: 10.59.131.116:30015:kubernetes-ssl-ingress
16:21:18.323 [main] DEBUG org.apache.http.headers - http-outgoing-4 << X-Kindred-Env: SI1.MT1
16:21:18.323 [main] DEBUG org.apache.http.headers - http-outgoing-4 << X-Debug-Request-Id: 2176fda33449f01690eca27aff78ad8a
16:21:18.323 [main] DEBUG org.apache.http.headers - http-outgoing-4 << Content-Encoding: gzip
16:21:18.323 [main] DEBUG org.apache.http.impl.execchain.MainClientExec - Connection can be kept alive for 1800000 MILLISECONDS
16:21:18.323 [main] DEBUG org.springframework.web.client.RestTemplate - Response 200 OK
16:21:18.323 [main] DEBUG org.springframework.web.client.RestTemplate - Reading to [java.lang.String] as "application/json;charset=utf-8"
16:21:18.324 [main] DEBUG org.apache.http.impl.conn.PoolingHttpClientConnectionManager - Connection [id: 4][route: {}->http://internal-api-si1.unibet.com:80] can be kept alive for 1800.0 seconds
16:21:18.324 [main] DEBUG org.apache.http.impl.conn.DefaultManagedHttpClientConnection - http-outgoing-4: set socket timeout to 0
16:21:18.324 [main] DEBUG org.apache.http.impl.conn.PoolingHttpClientConnectionManager - Connection released: [id: 4][route: {}->http://internal-api-si1.unibet.com:80][total available: 1; route allocated: 1 of 20; total allocated: 1 of 20]
16:21:18.324 [main] INFO com.unibet.test.helper.custard.service.CreateCustomer - ===========================================================================================================================
16:21:18.324 [main] INFO com.unibet.test.helper.custard.service.CreateCustomer - ====== CREATED new Customer: unibet_1591043075770@unibet CustomerId: 145635128 jurisdiction: SE Currency: SEK Locale: sv_SE
16:21:18.324 [main] INFO com.unibet.test.helper.custard.service.CreateCustomer - ===========================================================================================================================
16:21:18.324 [main] DEBUG org.springframework.web.client.RestTemplate - HTTP DELETE http://internal-api.si1.unibet.com/authorization-rest-api/userblock/id/145635128/TestAutomationPayment/paymenttest@unibet.com?&&
16:21:18.324 [main] DEBUG org.springframework.web.client.RestTemplate - Accept=[application/json, application/*+json]
16:21:18.325 [main] DEBUG org.springframework.web.client.RestTemplate - Writing [<[]>] as "application/json"
16:21:18.325 [main] DEBUG org.apache.http.client.protocol.RequestAddCookies - CookieSpec selected: default
16:21:18.325 [main] DEBUG org.apache.http.client.protocol.RequestAuthCache - Auth cache not set in the context
16:21:18.325 [main] DEBUG org.apache.http.impl.conn.PoolingHttpClientConnectionManager - Connection request: [route: {}->http://internal-api.si1.unibet.com:80][total available: 1; route allocated: 1 of 5; total allocated: 1 of 5]
16:21:18.325 [main] DEBUG org.apache.http.impl.conn.PoolingHttpClientConnectionManager - Connection leased: [id: 1][route: {}->http://internal-api.si1.unibet.com:80][total available: 0; route allocated: 1 of 5; total allocated: 1 of 5]
16:21:18.325 [main] DEBUG org.apache.http.impl.conn.DefaultManagedHttpClientConnection - http-outgoing-1: set socket timeout to 0
16:21:18.325 [main] DEBUG org.apache.http.impl.conn.DefaultManagedHttpClientConnection - http-outgoing-1: set socket timeout to 5000
16:21:18.325 [main] DEBUG org.apache.http.impl.execchain.MainClientExec - Executing request DELETE /authorization-rest-api/userblock/id/145635128/TestAutomationPayment/paymenttest@unibet.com?&& HTTP/1.1
16:21:18.325 [main] DEBUG org.apache.http.impl.execchain.MainClientExec - Target auth state: UNCHALLENGED
16:21:18.325 [main] DEBUG org.apache.http.impl.execchain.MainClientExec - Proxy auth state: UNCHALLENGED
16:21:18.325 [main] DEBUG org.apache.http.headers - http-outgoing-1 >> DELETE /authorization-rest-api/userblock/id/145635128/TestAutomationPayment/paymenttest@unibet.com?&& HTTP/1.1
16:21:18.325 [main] DEBUG org.apache.http.headers - http-outgoing-1 >> Accept: application/json, application/*+json
16:21:18.325 [main] DEBUG org.apache.http.headers - http-outgoing-1 >> Content-Type: application/json
16:21:18.325 [main] DEBUG org.apache.http.headers - http-outgoing-1 >> Client-App: root
16:21:18.325 [main] DEBUG org.apache.http.headers - http-outgoing-1 >> Client-Version: authorization-client-2.0.80
16:21:18.325 [main] DEBUG org.apache.http.headers - http-outgoing-1 >> Content-Length: 26
16:21:18.325 [main] DEBUG org.apache.http.headers - http-outgoing-1 >> Host: internal-api.si1.unibet.com
16:21:18.325 [main] DEBUG org.apache.http.headers - http-outgoing-1 >> Connection: Keep-Alive
16:21:18.325 [main] DEBUG org.apache.http.headers - http-outgoing-1 >> User-Agent: Apache-HttpClient/4.5.13 (Java/17.0.8.1)
16:21:18.325 [main] DEBUG org.apache.http.headers - http-outgoing-1 >> Accept-Encoding: gzip,deflate
16:21:18.325 [main] DEBUG org.apache.http.wire - http-outgoing-1 >> "DELETE /authorization-rest-api/userblock/id/145635128/TestAutomationPayment/paymenttest@unibet.com?&& HTTP/1.1[\r][\n]"
16:21:18.325 [main] DEBUG org.apache.http.wire - http-outgoing-1 >> "Accept: application/json, application/*+json[\r][\n]"
16:21:18.325 [main] DEBUG org.apache.http.wire - http-outgoing-1 >> "Content-Type: application/json[\r][\n]"
16:21:18.325 [main] DEBUG org.apache.http.wire - http-outgoing-1 >> "Client-App: root[\r][\n]"
16:21:18.325 [main] DEBUG org.apache.http.wire - http-outgoing-1 >> "Client-Version: authorization-client-2.0.80[\r][\n]"
16:21:18.325 [main] DEBUG org.apache.http.wire - http-outgoing-1 >> "Content-Length: 26[\r][\n]"
16:21:18.325 [main] DEBUG org.apache.http.wire - http-outgoing-1 >> "Host: internal-api.si1.unibet.com[\r][\n]"
16:21:18.325 [main] DEBUG org.apache.http.wire - http-outgoing-1 >> "Connection: Keep-Alive[\r][\n]"
16:21:18.325 [main] DEBUG org.apache.http.wire - http-outgoing-1 >> "User-Agent: Apache-HttpClient/4.5.13 (Java/17.0.8.1)[\r][\n]"
16:21:18.325 [main] DEBUG org.apache.http.wire - http-outgoing-1 >> "Accept-Encoding: gzip,deflate[\r][\n]"
16:21:18.325 [main] DEBUG org.apache.http.wire - http-outgoing-1 >> "[\r][\n]"
16:21:18.325 [main] DEBUG org.apache.http.wire - http-outgoing-1 >> "{"headers":{},"body":null}"
16:21:18.354 [main] DEBUG org.apache.http.wire - http-outgoing-1 << "HTTP/1.1 200 OK[\r][\n]"
16:21:18.354 [main] DEBUG org.apache.http.wire - http-outgoing-1 << "Server: kindred-SD-loadbalancer[\r][\n]"
16:21:18.354 [main] DEBUG org.apache.http.wire - http-outgoing-1 << "Date: Mon, 30 Oct 2023 16:21:18 GMT[\r][\n]"
16:21:18.354 [main] DEBUG org.apache.http.wire - http-outgoing-1 << "Content-Type: application/json[\r][\n]"
16:21:18.354 [main] DEBUG org.apache.http.wire - http-outgoing-1 << "Content-Length: 67[\r][\n]"
16:21:18.354 [main] DEBUG org.apache.http.wire - http-outgoing-1 << "Connection: keep-alive[\r][\n]"
16:21:18.354 [main] DEBUG org.apache.http.wire - http-outgoing-1 << "Keep-Alive: timeout=1800[\r][\n]"
16:21:18.354 [main] DEBUG org.apache.http.wire - http-outgoing-1 << "X-Request-ID: 4038c39a734e5d9e331ae74cd0136684[\r][\n]"
16:21:18.354 [main] DEBUG org.apache.http.wire - http-outgoing-1 << "Access-Control-Allow-Origin: *[\r][\n]"
16:21:18.354 [main] DEBUG org.apache.http.wire - http-outgoing-1 << "Content-Disposition: inline;filename=f.txt[\r][\n]"
16:21:18.354 [main] DEBUG org.apache.http.wire - http-outgoing-1 << "X-SD-Host: singledong0[\r][\n]"
16:21:18.354 [main] DEBUG org.apache.http.wire - http-outgoing-1 << "X-SD-Upstream: 10.59.131.17:30015:kubernetes-ssl-ingress[\r][\n]"
16:21:18.354 [main] DEBUG org.apache.http.wire - http-outgoing-1 << "X-Kindred-Env: SI1.MT1[\r][\n]"
16:21:18.354 [main] DEBUG org.apache.http.wire - http-outgoing-1 << "X-Debug-Request-Id: 4038c39a734e5d9e331ae74cd0136684[\r][\n]"
16:21:18.354 [main] DEBUG org.apache.http.wire - http-outgoing-1 << "[\r][\n]"
16:21:18.354 [main] DEBUG org.apache.http.wire - http-outgoing-1 << "{"operationExecuted":true,"message":"No of deleted user blocks: 2"}"
16:21:18.354 [main] DEBUG org.apache.http.headers - http-outgoing-1 << HTTP/1.1 200 OK
16:21:18.354 [main] DEBUG org.apache.http.headers - http-outgoing-1 << Server: kindred-SD-loadbalancer
16:21:18.354 [main] DEBUG org.apache.http.headers - http-outgoing-1 << Date: Mon, 30 Oct 2023 16:21:18 GMT
16:21:18.354 [main] DEBUG org.apache.http.headers - http-outgoing-1 << Content-Type: application/json
16:21:18.354 [main] DEBUG org.apache.http.headers - http-outgoing-1 << Content-Length: 67
16:21:18.354 [main] DEBUG org.apache.http.headers - http-outgoing-1 << Connection: keep-alive
16:21:18.354 [main] DEBUG org.apache.http.headers - http-outgoing-1 << Keep-Alive: timeout=1800
16:21:18.354 [main] DEBUG org.apache.http.headers - http-outgoing-1 << X-Request-ID: 4038c39a734e5d9e331ae74cd0136684
16:21:18.354 [main] DEBUG org.apache.http.headers - http-outgoing-1 << Access-Control-Allow-Origin: *
16:21:18.354 [main] DEBUG org.apache.http.headers - http-outgoing-1 << Content-Disposition: inline;filename=f.txt
16:21:18.354 [main] DEBUG org.apache.http.headers - http-outgoing-1 << X-SD-Host: singledong0
16:21:18.354 [main] DEBUG org.apache.http.headers - http-outgoing-1 << X-SD-Upstream: 10.59.131.17:30015:kubernetes-ssl-ingress
16:21:18.354 [main] DEBUG org.apache.http.headers - http-outgoing-1 << X-Kindred-Env: SI1.MT1
16:21:18.354 [main] DEBUG org.apache.http.headers - http-outgoing-1 << X-Debug-Request-Id: 4038c39a734e5d9e331ae74cd0136684
16:21:18.355 [main] DEBUG org.apache.http.impl.execchain.MainClientExec - Connection can be kept alive for 1800000 MILLISECONDS
16:21:18.355 [main] DEBUG org.springframework.web.client.RestTemplate - Response 200 OK
16:21:18.355 [main] DEBUG org.apache.http.impl.conn.PoolingHttpClientConnectionManager - Connection [id: 1][route: {}->http://internal-api.si1.unibet.com:80] can be kept alive for 1800.0 seconds
16:21:18.355 [main] DEBUG org.apache.http.impl.conn.DefaultManagedHttpClientConnection - http-outgoing-1: set socket timeout to 0
16:21:18.355 [main] DEBUG org.apache.http.impl.conn.PoolingHttpClientConnectionManager - Connection released: [id: 1][route: {}->http://internal-api.si1.unibet.com:80][total available: 1; route allocated: 1 of 5; total allocated: 1 of 5]
16:21:18.355 [main] DEBUG org.springframework.web.client.RestTemplate - Reading to [com.unibet.authorization.protocol.AuthorizationResponse]
16:21:18.355 [main] INFO com.unibet.test.helper.custard.customer.helper.PostCreationFlow - Waiting for state to be present in AZ
16:21:18.456 [awaitility-thread] DEBUG org.springframework.web.client.RestTemplate - HTTP GET http://internal-api.si1.unibet.com/authorization-rest-api/userstates/145635128
16:21:18.456 [awaitility-thread] DEBUG org.springframework.web.client.RestTemplate - Accept=[application/json, application/*+json]
16:21:18.456 [awaitility-thread] DEBUG org.springframework.web.client.RestTemplate - Writing [<[]>] as "application/json"
16:21:18.456 [awaitility-thread] DEBUG org.apache.http.client.protocol.RequestAddCookies - CookieSpec selected: default
16:21:18.457 [awaitility-thread] DEBUG org.apache.http.client.protocol.RequestAuthCache - Auth cache not set in the context
16:21:18.457 [awaitility-thread] DEBUG org.apache.http.impl.conn.PoolingHttpClientConnectionManager - Connection request: [route: {}->http://internal-api.si1.unibet.com:80][total available: 1; route allocated: 1 of 5; total allocated: 1 of 5]
16:21:18.457 [awaitility-thread] DEBUG org.apache.http.impl.conn.PoolingHttpClientConnectionManager - Connection leased: [id: 1][route: {}->http://internal-api.si1.unibet.com:80][total available: 0; route allocated: 1 of 5; total allocated: 1 of 5]
16:21:18.457 [awaitility-thread] DEBUG org.apache.http.impl.conn.DefaultManagedHttpClientConnection - http-outgoing-1: set socket timeout to 0
16:21:18.457 [awaitility-thread] DEBUG org.apache.http.impl.conn.DefaultManagedHttpClientConnection - http-outgoing-1: set socket timeout to 5000
16:21:18.457 [awaitility-thread] DEBUG org.apache.http.impl.execchain.MainClientExec - Executing request GET /authorization-rest-api/userstates/145635128 HTTP/1.1
16:21:18.457 [awaitility-thread] DEBUG org.apache.http.impl.execchain.MainClientExec - Target auth state: UNCHALLENGED
16:21:18.457 [awaitility-thread] DEBUG org.apache.http.impl.execchain.MainClientExec - Proxy auth state: UNCHALLENGED
16:21:18.457 [awaitility-thread] DEBUG org.apache.http.headers - http-outgoing-1 >> GET /authorization-rest-api/userstates/145635128 HTTP/1.1
16:21:18.457 [awaitility-thread] DEBUG org.apache.http.headers - http-outgoing-1 >> Accept: application/json, application/*+json
16:21:18.457 [awaitility-thread] DEBUG org.apache.http.headers - http-outgoing-1 >> Content-Type: application/json
16:21:18.457 [awaitility-thread] DEBUG org.apache.http.headers - http-outgoing-1 >> Client-App: root
16:21:18.457 [awaitility-thread] DEBUG org.apache.http.headers - http-outgoing-1 >> Client-Version: authorization-client-2.0.80
16:21:18.457 [awaitility-thread] DEBUG org.apache.http.headers - http-outgoing-1 >> Host: internal-api.si1.unibet.com
16:21:18.457 [awaitility-thread] DEBUG org.apache.http.headers - http-outgoing-1 >> Connection: Keep-Alive
16:21:18.457 [awaitility-thread] DEBUG org.apache.http.headers - http-outgoing-1 >> User-Agent: Apache-HttpClient/4.5.13 (Java/17.0.8.1)
16:21:18.457 [awaitility-thread] DEBUG org.apache.http.headers - http-outgoing-1 >> Accept-Encoding: gzip,deflate
16:21:18.457 [awaitility-thread] DEBUG org.apache.http.wire - http-outgoing-1 >> "GET /authorization-rest-api/userstates/145635128 HTTP/1.1[\r][\n]"
16:21:18.457 [awaitility-thread] DEBUG org.apache.http.wire - http-outgoing-1 >> "Accept: application/json, application/*+json[\r][\n]"
16:21:18.457 [awaitility-thread] DEBUG org.apache.http.wire - http-outgoing-1 >> "Content-Type: application/json[\r][\n]"
16:21:18.457 [awaitility-thread] DEBUG org.apache.http.wire - http-outgoing-1 >> "Client-App: root[\r][\n]"
16:21:18.457 [awaitility-thread] DEBUG org.apache.http.wire - http-outgoing-1 >> "Client-Version: authorization-client-2.0.80[\r][\n]"
16:21:18.457 [awaitility-thread] DEBUG org.apache.http.wire - http-outgoing-1 >> "Host: internal-api.si1.unibet.com[\r][\n]"
16:21:18.457 [awaitility-thread] DEBUG org.apache.http.wire - http-outgoing-1 >> "Connection: Keep-Alive[\r][\n]"
16:21:18.457 [awaitility-thread] DEBUG org.apache.http.wire - http-outgoing-1 >> "User-Agent: Apache-HttpClient/4.5.13 (Java/17.0.8.1)[\r][\n]"
16:21:18.457 [awaitility-thread] DEBUG org.apache.http.wire - http-outgoing-1 >> "Accept-Encoding: gzip,deflate[\r][\n]"
16:21:18.457 [awaitility-thread] DEBUG org.apache.http.wire - http-outgoing-1 >> "[\r][\n]"
16:21:18.478 [Context_2_ReactorThread] DEBUG com.solacesystems.jcsmp.protocol.impl.KeepaliveTimeoutHandler - Keepalive Timeout expired.
16:21:18.478 [Context_2_ReactorThread] DEBUG com.solacesystems.jcsmp.protocol.impl.KeepaliveTimeoutHandler - Sending keepalive message (1/3)
16:21:18.478 [Context_2_ReactorThread] DEBUG com.solacesystems.jcsmp.protocol.impl.TcpChannel - Scheduling KA timer in 3000ms
16:21:18.479 [awaitility-thread] DEBUG org.apache.http.wire - http-outgoing-1 << "HTTP/1.1 404 Not Found[\r][\n]"
16:21:18.479 [awaitility-thread] DEBUG org.apache.http.wire - http-outgoing-1 << "Server: kindred-SD-loadbalancer[\r][\n]"
16:21:18.479 [awaitility-thread] DEBUG org.apache.http.wire - http-outgoing-1 << "Date: Mon, 30 Oct 2023 16:21:18 GMT[\r][\n]"
16:21:18.479 [awaitility-thread] DEBUG org.apache.http.wire - http-outgoing-1 << "Content-Type: application/json;charset=utf-8[\r][\n]"
16:21:18.479 [awaitility-thread] DEBUG org.apache.http.wire - http-outgoing-1 << "Content-Length: 76[\r][\n]"
16:21:18.479 [awaitility-thread] DEBUG org.apache.http.wire - http-outgoing-1 << "Connection: keep-alive[\r][\n]"
16:21:18.479 [awaitility-thread] DEBUG org.apache.http.wire - http-outgoing-1 << "Keep-Alive: timeout=1800[\r][\n]"
16:21:18.479 [awaitility-thread] DEBUG org.apache.http.wire - http-outgoing-1 << "X-Request-ID: bbda99ea93f10ec252964bed6dd60640[\r][\n]"
16:21:18.479 [awaitility-thread] DEBUG org.apache.http.wire - http-outgoing-1 << "Access-Control-Allow-Origin: *[\r][\n]"
16:21:18.479 [awaitility-thread] DEBUG org.apache.http.wire - http-outgoing-1 << "X-SD-Host: singledong0[\r][\n]"
16:21:18.479 [awaitility-thread] DEBUG org.apache.http.wire - http-outgoing-1 << "X-SD-Upstream: 10.59.131.27:30015:kubernetes-ssl-ingress[\r][\n]"
16:21:18.479 [awaitility-thread] DEBUG org.apache.http.wire - http-outgoing-1 << "X-Kindred-Env: SI1.MT1[\r][\n]"
16:21:18.479 [awaitility-thread] DEBUG org.apache.http.wire - http-outgoing-1 << "X-Debug-Request-Id: bbda99ea93f10ec252964bed6dd60640[\r][\n]"
16:21:18.479 [awaitility-thread] DEBUG org.apache.http.wire - http-outgoing-1 << "[\r][\n]"
16:21:18.479 [awaitility-thread] DEBUG org.apache.http.wire - http-outgoing-1 << "{"operationExecuted":false,"message":"Customer with id 145635128 not found"}"
16:21:18.479 [awaitility-thread] DEBUG org.apache.http.headers - http-outgoing-1 << HTTP/1.1 404 Not Found
16:21:18.479 [awaitility-thread] DEBUG org.apache.http.headers - http-outgoing-1 << Server: kindred-SD-loadbalancer
16:21:18.479 [awaitility-thread] DEBUG org.apache.http.headers - http-outgoing-1 << Date: Mon, 30 Oct 2023 16:21:18 GMT
16:21:18.479 [awaitility-thread] DEBUG org.apache.http.headers - http-outgoing-1 << Content-Type: application/json;charset=utf-8
16:21:18.479 [awaitility-thread] DEBUG org.apache.http.headers - http-outgoing-1 << Content-Length: 76
16:21:18.480 [awaitility-thread] DEBUG org.apache.http.headers - http-outgoing-1 << Connection: keep-alive
16:21:18.480 [awaitility-thread] DEBUG org.apache.http.headers - http-outgoing-1 << Keep-Alive: timeout=1800
16:21:18.480 [awaitility-thread] DEBUG org.apache.http.headers - http-outgoing-1 << X-Request-ID: bbda99ea93f10ec252964bed6dd60640
16:21:18.480 [awaitility-thread] DEBUG org.apache.http.headers - http-outgoing-1 << Access-Control-Allow-Origin: *
16:21:18.480 [awaitility-thread] DEBUG org.apache.http.headers - http-outgoing-1 << X-SD-Host: singledong0
16:21:18.480 [awaitility-thread] DEBUG org.apache.http.headers - http-outgoing-1 << X-SD-Upstream: 10.59.131.27:30015:kubernetes-ssl-ingress
16:21:18.480 [awaitility-thread] DEBUG org.apache.http.headers - http-outgoing-1 << X-Kindred-Env: SI1.MT1
16:21:18.480 [awaitility-thread] DEBUG org.apache.http.headers - http-outgoing-1 << X-Debug-Request-Id: bbda99ea93f10ec252964bed6dd60640
16:21:18.480 [awaitility-thread] DEBUG org.apache.http.impl.execchain.MainClientExec - Connection can be kept alive for 1800000 MILLISECONDS
16:21:18.480 [awaitility-thread] DEBUG org.springframework.web.client.RestTemplate - Response 404 NOT_FOUND
16:21:18.480 [awaitility-thread] DEBUG org.apache.http.impl.conn.PoolingHttpClientConnectionManager - Connection [id: 1][route: {}->http://internal-api.si1.unibet.com:80] can be kept alive for 1800.0 seconds
16:21:18.480 [awaitility-thread] DEBUG org.apache.http.impl.conn.DefaultManagedHttpClientConnection - http-outgoing-1: set socket timeout to 0
16:21:18.480 [awaitility-thread] DEBUG org.apache.http.impl.conn.PoolingHttpClientConnectionManager - Connection released: [id: 1][route: {}->http://internal-api.si1.unibet.com:80][total available: 1; route allocated: 1 of 5; total allocated: 1 of 5]
16:21:18.480 [awaitility-thread] DEBUG org.springframework.web.client.RestTemplate - Reading to [com.unibet.authorization.protocol.UserStateResponse]
16:21:18.580 [awaitility-thread] DEBUG org.springframework.web.client.RestTemplate - HTTP GET http://internal-api.si1.unibet.com/authorization-rest-api/userstates/145635128
16:21:18.581 [awaitility-thread] DEBUG org.springframework.web.client.RestTemplate - Accept=[application/json, application/*+json]
16:21:18.581 [awaitility-thread] DEBUG org.springframework.web.client.RestTemplate - Writing [<[]>] as "application/json"
16:21:18.581 [awaitility-thread] DEBUG org.apache.http.client.protocol.RequestAddCookies - CookieSpec selected: default
16:21:18.581 [awaitility-thread] DEBUG org.apache.http.client.protocol.RequestAuthCache - Auth cache not set in the context
16:21:18.581 [awaitility-thread] DEBUG org.apache.http.impl.conn.PoolingHttpClientConnectionManager - Connection request: [route: {}->http://internal-api.si1.unibet.com:80][total available: 1; route allocated: 1 of 5; total allocated: 1 of 5]
16:21:18.581 [awaitility-thread] DEBUG org.apache.http.impl.conn.PoolingHttpClientConnectionManager - Connection leased: [id: 1][route: {}->http://internal-api.si1.unibet.com:80][total available: 0; route allocated: 1 of 5; total allocated: 1 of 5]
16:21:18.581 [awaitility-thread] DEBUG org.apache.http.impl.conn.DefaultManagedHttpClientConnection - http-outgoing-1: set socket timeout to 0
16:21:18.581 [awaitility-thread] DEBUG org.apache.http.impl.conn.DefaultManagedHttpClientConnection - http-outgoing-1: set socket timeout to 5000
16:21:18.581 [awaitility-thread] DEBUG org.apache.http.impl.execchain.MainClientExec - Executing request GET /authorization-rest-api/userstates/145635128 HTTP/1.1
16:21:18.581 [awaitility-thread] DEBUG org.apache.http.impl.execchain.MainClientExec - Target auth state: UNCHALLENGED
16:21:18.581 [awaitility-thread] DEBUG org.apache.http.impl.execchain.MainClientExec - Proxy auth state: UNCHALLENGED
16:21:18.581 [awaitility-thread] DEBUG org.apache.http.headers - http-outgoing-1 >> GET /authorization-rest-api/userstates/145635128 HTTP/1.1
16:21:18.581 [awaitility-thread] DEBUG org.apache.http.headers - http-outgoing-1 >> Accept: application/json, application/*+json
16:21:18.581 [awaitility-thread] DEBUG org.apache.http.headers - http-outgoing-1 >> Content-Type: application/json
16:21:18.581 [awaitility-thread] DEBUG org.apache.http.headers - http-outgoing-1 >> Client-App: root
16:21:18.581 [awaitility-thread] DEBUG org.apache.http.headers - http-outgoing-1 >> Client-Version: authorization-client-2.0.80
16:21:18.581 [awaitility-thread] DEBUG org.apache.http.headers - http-outgoing-1 >> Host: internal-api.si1.unibet.com
16:21:18.581 [awaitility-thread] DEBUG org.apache.http.headers - http-outgoing-1 >> Connection: Keep-Alive
16:21:18.581 [awaitility-thread] DEBUG org.apache.http.headers - http-outgoing-1 >> User-Agent: Apache-HttpClient/4.5.13 (Java/17.0.8.1)
16:21:18.581 [awaitility-thread] DEBUG org.apache.http.headers - http-outgoing-1 >> Accept-Encoding: gzip,deflate
16:21:18.581 [awaitility-thread] DEBUG org.apache.http.wire - http-outgoing-1 >> "GET /authorization-rest-api/userstates/145635128 HTTP/1.1[\r][\n]"
16:21:18.581 [awaitility-thread] DEBUG org.apache.http.wire - http-outgoing-1 >> "Accept: application/json, application/*+json[\r][\n]"
16:21:18.581 [awaitility-thread] DEBUG org.apache.http.wire - http-outgoing-1 >> "Content-Type: application/json[\r][\n]"
16:21:18.581 [awaitility-thread] DEBUG org.apache.http.wire - http-outgoing-1 >> "Client-App: root[\r][\n]"
16:21:18.581 [awaitility-thread] DEBUG org.apache.http.wire - http-outgoing-1 >> "Client-Version: authorization-client-2.0.80[\r][\n]"
16:21:18.581 [awaitility-thread] DEBUG org.apache.http.wire - http-outgoing-1 >> "Host: internal-api.si1.unibet.com[\r][\n]"
16:21:18.581 [awaitility-thread] DEBUG org.apache.http.wire - http-outgoing-1 >> "Connection: Keep-Alive[\r][\n]"
16:21:18.581 [awaitility-thread] DEBUG org.apache.http.wire - http-outgoing-1 >> "User-Agent: Apache-HttpClient/4.5.13 (Java/17.0.8.1)[\r][\n]"
16:21:18.581 [awaitility-thread] DEBUG org.apache.http.wire - http-outgoing-1 >> "Accept-Encoding: gzip,deflate[\r][\n]"
16:21:18.581 [awaitility-thread] DEBUG org.apache.http.wire - http-outgoing-1 >> "[\r][\n]"
16:21:18.605 [awaitility-thread] DEBUG org.apache.http.wire - http-outgoing-1 << "HTTP/1.1 404 Not Found[\r][\n]"
16:21:18.605 [awaitility-thread] DEBUG org.apache.http.wire - http-outgoing-1 << "Server: kindred-SD-loadbalancer[\r][\n]"
16:21:18.605 [awaitility-thread] DEBUG org.apache.http.wire - http-outgoing-1 << "Date: Mon, 30 Oct 2023 16:21:18 GMT[\r][\n]"
16:21:18.605 [awaitility-thread] DEBUG org.apache.http.wire - http-outgoing-1 << "Content-Type: application/json;charset=utf-8[\r][\n]"
16:21:18.605 [awaitility-thread] DEBUG org.apache.http.wire - http-outgoing-1 << "Content-Length: 76[\r][\n]"
16:21:18.605 [awaitility-thread] DEBUG org.apache.http.wire - http-outgoing-1 << "Connection: keep-alive[\r][\n]"
16:21:18.605 [awaitility-thread] DEBUG org.apache.http.wire - http-outgoing-1 << "Keep-Alive: timeout=1800[\r][\n]"
16:21:18.605 [awaitility-thread] DEBUG org.apache.http.wire - http-outgoing-1 << "X-Request-ID: 6812b631ecd84501e0f4f41b6d07f9e6[\r][\n]"
16:21:18.605 [awaitility-thread] DEBUG org.apache.http.wire - http-outgoing-1 << "Access-Control-Allow-Origin: *[\r][\n]"
16:21:18.605 [awaitility-thread] DEBUG org.apache.http.wire - http-outgoing-1 << "X-SD-Host: singledong0[\r][\n]"
16:21:18.605 [awaitility-thread] DEBUG org.apache.http.wire - http-outgoing-1 << "X-SD-Upstream: 10.59.130.113:30015:kubernetes-ssl-ingress[\r][\n]"
16:21:18.605 [awaitility-thread] DEBUG org.apache.http.wire - http-outgoing-1 << "X-Kindred-Env: SI1.MT1[\r][\n]"
16:21:18.605 [awaitility-thread] DEBUG org.apache.http.wire - http-outgoing-1 << "X-Debug-Request-Id: 6812b631ecd84501e0f4f41b6d07f9e6[\r][\n]"
16:21:18.605 [awaitility-thread] DEBUG org.apache.http.wire - http-outgoing-1 << "[\r][\n]"
16:21:18.605 [awaitility-thread] DEBUG org.apache.http.wire - http-outgoing-1 << "{"operationExecuted":false,"message":"Customer with id 145635128 not found"}"
16:21:18.605 [awaitility-thread] DEBUG org.apache.http.headers - http-outgoing-1 << HTTP/1.1 404 Not Found
16:21:18.605 [awaitility-thread] DEBUG org.apache.http.headers - http-outgoing-1 << Server: kindred-SD-loadbalancer
16:21:18.605 [awaitility-thread] DEBUG org.apache.http.headers - http-outgoing-1 << Date: Mon, 30 Oct 2023 16:21:18 GMT
16:21:18.605 [awaitility-thread] DEBUG org.apache.http.headers - http-outgoing-1 << Content-Type: application/json;charset=utf-8
16:21:18.605 [awaitility-thread] DEBUG org.apache.http.headers - http-outgoing-1 << Content-Length: 76
16:21:18.605 [awaitility-thread] DEBUG org.apache.http.headers - http-outgoing-1 << Connection: keep-alive
16:21:18.605 [awaitility-thread] DEBUG org.apache.http.headers - http-outgoing-1 << Keep-Alive: timeout=1800
16:21:18.605 [awaitility-thread] DEBUG org.apache.http.headers - http-outgoing-1 << X-Request-ID: 6812b631ecd84501e0f4f41b6d07f9e6
16:21:18.605 [awaitility-thread] DEBUG org.apache.http.headers - http-outgoing-1 << Access-Control-Allow-Origin: *
16:21:18.605 [awaitility-thread] DEBUG org.apache.http.headers - http-outgoing-1 << X-SD-Host: singledong0
16:21:18.605 [awaitility-thread] DEBUG org.apache.http.headers - http-outgoing-1 << X-SD-Upstream: 10.59.130.113:30015:kubernetes-ssl-ingress
16:21:18.605 [awaitility-thread] DEBUG org.apache.http.headers - http-outgoing-1 << X-Kindred-Env: SI1.MT1
16:21:18.605 [awaitility-thread] DEBUG org.apache.http.headers - http-outgoing-1 << X-Debug-Request-Id: 6812b631ecd84501e0f4f41b6d07f9e6
16:21:18.605 [awaitility-thread] DEBUG org.apache.http.impl.execchain.MainClientExec - Connection can be kept alive for 1800000 MILLISECONDS
16:21:18.605 [awaitility-thread] DEBUG org.springframework.web.client.RestTemplate - Response 404 NOT_FOUND
16:21:18.605 [awaitility-thread] DEBUG org.apache.http.impl.conn.PoolingHttpClientConnectionManager - Connection [id: 1][route: {}->http://internal-api.si1.unibet.com:80] can be kept alive for 1800.0 seconds
16:21:18.605 [awaitility-thread] DEBUG org.apache.http.impl.conn.DefaultManagedHttpClientConnection - http-outgoing-1: set socket timeout to 0
16:21:18.605 [awaitility-thread] DEBUG org.apache.http.impl.conn.PoolingHttpClientConnectionManager - Connection released: [id: 1][route: {}->http://internal-api.si1.unibet.com:80][total available: 1; route allocated: 1 of 5; total allocated: 1 of 5]
16:21:18.605 [awaitility-thread] DEBUG org.springframework.web.client.RestTemplate - Reading to [com.unibet.authorization.protocol.UserStateResponse]
16:21:18.706 [awaitility-thread] DEBUG org.springframework.web.client.RestTemplate - HTTP GET http://internal-api.si1.unibet.com/authorization-rest-api/userstates/145635128
16:21:18.706 [awaitility-thread] DEBUG org.springframework.web.client.RestTemplate - Accept=[application/json, application/*+json]
16:21:18.706 [awaitility-thread] DEBUG org.springframework.web.client.RestTemplate - Writing [<[]>] as "application/json"
16:21:18.707 [awaitility-thread] DEBUG org.apache.http.client.protocol.RequestAddCookies - CookieSpec selected: default
16:21:18.707 [awaitility-thread] DEBUG org.apache.http.client.protocol.RequestAuthCache - Auth cache not set in the context
16:21:18.707 [awaitility-thread] DEBUG org.apache.http.impl.conn.PoolingHttpClientConnectionManager - Connection request: [route: {}->http://internal-api.si1.unibet.com:80][total available: 1; route allocated: 1 of 5; total allocated: 1 of 5]
16:21:18.707 [awaitility-thread] DEBUG org.apache.http.impl.conn.PoolingHttpClientConnectionManager - Connection leased: [id: 1][route: {}->http://internal-api.si1.unibet.com:80][total available: 0; route allocated: 1 of 5; total allocated: 1 of 5]
16:21:18.707 [awaitility-thread] DEBUG org.apache.http.impl.conn.DefaultManagedHttpClientConnection - http-outgoing-1: set socket timeout to 0
16:21:18.707 [awaitility-thread] DEBUG org.apache.http.impl.conn.DefaultManagedHttpClientConnection - http-outgoing-1: set socket timeout to 5000
16:21:18.707 [awaitility-thread] DEBUG org.apache.http.impl.execchain.MainClientExec - Executing request GET /authorization-rest-api/userstates/145635128 HTTP/1.1
16:21:18.707 [awaitility-thread] DEBUG org.apache.http.impl.execchain.MainClientExec - Target auth state: UNCHALLENGED
16:21:18.707 [awaitility-thread] DEBUG org.apache.http.impl.execchain.MainClientExec - Proxy auth state: UNCHALLENGED
16:21:18.707 [awaitility-thread] DEBUG org.apache.http.headers - http-outgoing-1 >> GET /authorization-rest-api/userstates/145635128 HTTP/1.1
16:21:18.707 [awaitility-thread] DEBUG org.apache.http.headers - http-outgoing-1 >> Accept: application/json, application/*+json
16:21:18.707 [awaitility-thread] DEBUG org.apache.http.headers - http-outgoing-1 >> Content-Type: application/json
16:21:18.707 [awaitility-thread] DEBUG org.apache.http.headers - http-outgoing-1 >> Client-App: root
16:21:18.707 [awaitility-thread] DEBUG org.apache.http.headers - http-outgoing-1 >> Client-Version: authorization-client-2.0.80
16:21:18.707 [awaitility-thread] DEBUG org.apache.http.headers - http-outgoing-1 >> Host: internal-api.si1.unibet.com
16:21:18.707 [awaitility-thread] DEBUG org.apache.http.headers - http-outgoing-1 >> Connection: Keep-Alive
16:21:18.707 [awaitility-thread] DEBUG org.apache.http.headers - http-outgoing-1 >> User-Agent: Apache-HttpClient/4.5.13 (Java/17.0.8.1)
16:21:18.707 [awaitility-thread] DEBUG org.apache.http.headers - http-outgoing-1 >> Accept-Encoding: gzip,deflate
16:21:18.707 [awaitility-thread] DEBUG org.apache.http.wire - http-outgoing-1 >> "GET /authorization-rest-api/userstates/145635128 HTTP/1.1[\r][\n]"
16:21:18.707 [awaitility-thread] DEBUG org.apache.http.wire - http-outgoing-1 >> "Accept: application/json, application/*+json[\r][\n]"
16:21:18.707 [awaitility-thread] DEBUG org.apache.http.wire - http-outgoing-1 >> "Content-Type: application/json[\r][\n]"
16:21:18.707 [awaitility-thread] DEBUG org.apache.http.wire - http-outgoing-1 >> "Client-App: root[\r][\n]"
16:21:18.707 [awaitility-thread] DEBUG org.apache.http.wire - http-outgoing-1 >> "Client-Version: authorization-client-2.0.80[\r][\n]"
16:21:18.707 [awaitility-thread] DEBUG org.apache.http.wire - http-outgoing-1 >> "Host: internal-api.si1.unibet.com[\r][\n]"
16:21:18.707 [awaitility-thread] DEBUG org.apache.http.wire - http-outgoing-1 >> "Connection: Keep-Alive[\r][\n]"
16:21:18.707 [awaitility-thread] DEBUG org.apache.http.wire - http-outgoing-1 >> "User-Agent: Apache-HttpClient/4.5.13 (Java/17.0.8.1)[\r][\n]"
16:21:18.707 [awaitility-thread] DEBUG org.apache.http.wire - http-outgoing-1 >> "Accept-Encoding: gzip,deflate[\r][\n]"
16:21:18.707 [awaitility-thread] DEBUG org.apache.http.wire - http-outgoing-1 >> "[\r][\n]"
16:21:18.729 [awaitility-thread] DEBUG org.apache.http.wire - http-outgoing-1 << "HTTP/1.1 200 OK[\r][\n]"
16:21:18.729 [awaitility-thread] DEBUG org.apache.http.wire - http-outgoing-1 << "Server: kindred-SD-loadbalancer[\r][\n]"
16:21:18.729 [awaitility-thread] DEBUG org.apache.http.wire - http-outgoing-1 << "Date: Mon, 30 Oct 2023 16:21:18 GMT[\r][\n]"
16:21:18.729 [awaitility-thread] DEBUG org.apache.http.wire - http-outgoing-1 << "Content-Type: application/json[\r][\n]"
16:21:18.729 [awaitility-thread] DEBUG org.apache.http.wire - http-outgoing-1 << "Content-Length: 115[\r][\n]"
16:21:18.729 [awaitility-thread] DEBUG org.apache.http.wire - http-outgoing-1 << "Connection: keep-alive[\r][\n]"
16:21:18.729 [awaitility-thread] DEBUG org.apache.http.wire - http-outgoing-1 << "Keep-Alive: timeout=1800[\r][\n]"
16:21:18.729 [awaitility-thread] DEBUG org.apache.http.wire - http-outgoing-1 << "X-Request-ID: 0ac075d9162af96511fad440ad39e595[\r][\n]"
16:21:18.729 [awaitility-thread] DEBUG org.apache.http.wire - http-outgoing-1 << "Access-Control-Allow-Origin: *[\r][\n]"
16:21:18.729 [awaitility-thread] DEBUG org.apache.http.wire - http-outgoing-1 << "X-SD-Host: singledong0[\r][\n]"
16:21:18.729 [awaitility-thread] DEBUG org.apache.http.wire - http-outgoing-1 << "X-SD-Upstream: 10.59.131.56:30015:kubernetes-ssl-ingress[\r][\n]"
16:21:18.729 [awaitility-thread] DEBUG org.apache.http.wire - http-outgoing-1 << "X-Kindred-Env: SI1.MT1[\r][\n]"
16:21:18.729 [awaitility-thread] DEBUG org.apache.http.wire - http-outgoing-1 << "X-Debug-Request-Id: 0ac075d9162af96511fad440ad39e595[\r][\n]"
16:21:18.729 [awaitility-thread] DEBUG org.apache.http.wire - http-outgoing-1 << "[\r][\n]"
16:21:18.729 [awaitility-thread] DEBUG org.apache.http.wire - http-outgoing-1 << "{"operationExecuted":true,"state":"ACTIVE_TEMPORARY","customerId":145635128,"reason":"Registration without BANKID"}"
16:21:18.729 [awaitility-thread] DEBUG org.apache.http.headers - http-outgoing-1 << HTTP/1.1 200 OK
16:21:18.729 [awaitility-thread] DEBUG org.apache.http.headers - http-outgoing-1 << Server: kindred-SD-loadbalancer
16:21:18.729 [awaitility-thread] DEBUG org.apache.http.headers - http-outgoing-1 << Date: Mon, 30 Oct 2023 16:21:18 GMT
16:21:18.729 [awaitility-thread] DEBUG org.apache.http.headers - http-outgoing-1 << Content-Type: application/json
16:21:18.729 [awaitility-thread] DEBUG org.apache.http.headers - http-outgoing-1 << Content-Length: 115
16:21:18.729 [awaitility-thread] DEBUG org.apache.http.headers - http-outgoing-1 << Connection: keep-alive
16:21:18.729 [awaitility-thread] DEBUG org.apache.http.headers - http-outgoing-1 << Keep-Alive: timeout=1800
16:21:18.729 [awaitility-thread] DEBUG org.apache.http.headers - http-outgoing-1 << X-Request-ID: 0ac075d9162af96511fad440ad39e595
16:21:18.729 [awaitility-thread] DEBUG org.apache.http.headers - http-outgoing-1 << Access-Control-Allow-Origin: *
16:21:18.729 [awaitility-thread] DEBUG org.apache.http.headers - http-outgoing-1 << X-SD-Host: singledong0
16:21:18.729 [awaitility-thread] DEBUG org.apache.http.headers - http-outgoing-1 << X-SD-Upstream: 10.59.131.56:30015:kubernetes-ssl-ingress
16:21:18.729 [awaitility-thread] DEBUG org.apache.http.headers - http-outgoing-1 << X-Kindred-Env: SI1.MT1
16:21:18.729 [awaitility-thread] DEBUG org.apache.http.headers - http-outgoing-1 << X-Debug-Request-Id: 0ac075d9162af96511fad440ad39e595
16:21:18.729 [awaitility-thread] DEBUG org.apache.http.impl.execchain.MainClientExec - Connection can be kept alive for 1800000 MILLISECONDS
16:21:18.729 [awaitility-thread] DEBUG org.springframework.web.client.RestTemplate - Response 200 OK
16:21:18.729 [awaitility-thread] DEBUG org.apache.http.impl.conn.PoolingHttpClientConnectionManager - Connection [id: 1][route: {}->http://internal-api.si1.unibet.com:80] can be kept alive for 1800.0 seconds
16:21:18.729 [awaitility-thread] DEBUG org.apache.http.impl.conn.DefaultManagedHttpClientConnection - http-outgoing-1: set socket timeout to 0
16:21:18.730 [awaitility-thread] DEBUG org.apache.http.impl.conn.PoolingHttpClientConnectionManager - Connection released: [id: 1][route: {}->http://internal-api.si1.unibet.com:80][total available: 1; route allocated: 1 of 5; total allocated: 1 of 5]
16:21:18.730 [awaitility-thread] DEBUG org.springframework.web.client.RestTemplate - Reading to [com.unibet.authorization.protocol.UserStateResponse]
16:21:18.730 [main] INFO com.kindredgroup.seaffordabiltiygateway.integrationtest.RegisteredUsersInFileTest - This is customer id: 145635128
Customer SSN: 200310305156Customer ID: 145635128
16:21:18.731 [main] DEBUG org.springframework.web.reactive.function.client.ExchangeFunctions - [32f2de5c] HTTP POST https://mock32red.d2-si1.aws.kindredgroup.com/file/zip
16:21:18.731 [reactor-http-epoll-4] DEBUG reactor.netty.resources.PooledConnectionProvider - [id:e16f0c42, L:/10.77.71.9:37994 - R:mock32red.d2-si1.aws.kindredgroup.com/10.87.203.39:443] Channel acquired, now: 1 active connections, 0 inactive connections and 0 pending acquire requests.
16:21:18.732 [reactor-http-epoll-4] DEBUG reactor.netty.http.client.HttpClientConnect - [id:e16f0c42-19, L:/10.77.71.9:37994 - R:mock32red.d2-si1.aws.kindredgroup.com/10.87.203.39:443] Handler is being applied: {uri=https://mock32red.d2-si1.aws.kindredgroup.com/file/zip, method=POST}
16:21:18.732 [reactor-http-epoll-4] DEBUG reactor.netty.resources.DefaultPooledConnectionProvider - [id:e16f0c42-19, L:/10.77.71.9:37994 - R:mock32red.d2-si1.aws.kindredgroup.com/10.87.203.39:443] onStateChange(POST{uri=/file/zip, connection=PooledConnection{channel=[id: 0xe16f0c42, L:/10.77.71.9:37994 - R:mock32red.d2-si1.aws.kindredgroup.com/10.87.203.39:443]}}, [request_prepared])
16:21:18.732 [reactor-http-epoll-4] DEBUG org.springframework.http.codec.multipart.MultipartHttpMessageWriter - [32f2de5c] Encoding parts [file] (content masked)
16:21:18.734 [reactor-http-epoll-4] DEBUG reactor.netty.resources.DefaultPooledConnectionProvider - [id:e16f0c42-19, L:/10.77.71.9:37994 - R:mock32red.d2-si1.aws.kindredgroup.com/10.87.203.39:443] onStateChange(POST{uri=/file/zip, connection=PooledConnection{channel=[id: 0xe16f0c42, L:/10.77.71.9:37994 - R:mock32red.d2-si1.aws.kindredgroup.com/10.87.203.39:443]}}, [request_sent])
16:21:18.737 [reactor-http-epoll-4] DEBUG reactor.netty.http.client.HttpClientOperations - [id:e16f0c42-19, L:/10.77.71.9:37994 - R:mock32red.d2-si1.aws.kindredgroup.com/10.87.203.39:443] Received response (auto-read:false) : [Date=Mon, 30 Oct 2023 16:21:18 GMT, Content-Type=text/plain;charset=UTF-8, Connection=keep-alive, content-length=27]
16:21:18.737 [reactor-http-epoll-4] DEBUG reactor.netty.resources.DefaultPooledConnectionProvider - [id:e16f0c42-19, L:/10.77.71.9:37994 - R:mock32red.d2-si1.aws.kindredgroup.com/10.87.203.39:443] onStateChange(POST{uri=/file/zip, connection=PooledConnection{channel=[id: 0xe16f0c42, L:/10.77.71.9:37994 - R:mock32red.d2-si1.aws.kindredgroup.com/10.87.203.39:443]}}, [response_received])
16:21:18.737 [reactor-http-epoll-4] DEBUG org.springframework.web.reactive.function.client.ExchangeFunctions - [32f2de5c] [e16f0c42-19, L:/10.77.71.9:37994 - R:mock32red.d2-si1.aws.kindredgroup.com/10.87.203.39:443] Response 200 OK
16:21:18.737 [reactor-http-epoll-4] DEBUG reactor.netty.channel.FluxReceive - [id:e16f0c42-19, L:/10.77.71.9:37994 - R:mock32red.d2-si1.aws.kindredgroup.com/10.87.203.39:443] FluxReceive{pending=0, cancelled=false, inboundDone=false, inboundError=null}: subscribing inbound receiver
16:21:18.737 [reactor-http-epoll-4] DEBUG reactor.netty.http.client.HttpClientOperations - [id:e16f0c42-19, L:/10.77.71.9:37994 - R:mock32red.d2-si1.aws.kindredgroup.com/10.87.203.39:443] Received last HTTP packet
16:21:18.737 [reactor-http-epoll-4] DEBUG reactor.netty.resources.DefaultPooledConnectionProvider - [id:e16f0c42, L:/10.77.71.9:37994 - R:mock32red.d2-si1.aws.kindredgroup.com/10.87.203.39:443] onStateChange(POST{uri=/file/zip, connection=PooledConnection{channel=[id: 0xe16f0c42, L:/10.77.71.9:37994 - R:mock32red.d2-si1.aws.kindredgroup.com/10.87.203.39:443]}}, [response_completed])
16:21:18.737 [reactor-http-epoll-4] DEBUG reactor.netty.resources.DefaultPooledConnectionProvider - [id:e16f0c42, L:/10.77.71.9:37994 - R:mock32red.d2-si1.aws.kindredgroup.com/10.87.203.39:443] onStateChange(POST{uri=/file/zip, connection=PooledConnection{channel=[id: 0xe16f0c42, L:/10.77.71.9:37994 - R:mock32red.d2-si1.aws.kindredgroup.com/10.87.203.39:443]}}, [disconnecting])
16:21:18.737 [reactor-http-epoll-4] DEBUG reactor.netty.resources.DefaultPooledConnectionProvider - [id:e16f0c42, L:/10.77.71.9:37994 - R:mock32red.d2-si1.aws.kindredgroup.com/10.87.203.39:443] Releasing channel
16:21:18.737 [reactor-http-epoll-4] DEBUG reactor.netty.resources.PooledConnectionProvider - [id:e16f0c42, L:/10.77.71.9:37994 - R:mock32red.d2-si1.aws.kindredgroup.com/10.87.203.39:443] Channel cleaned, now: 0 active connections, 1 inactive connections and 0 pending acquire requests.
16:21:18.737 [main] DEBUG com.kindredgroup.eventbus.QueueProvisioner - Fetching messaging configuration for proto=com.unibet.event.proto.PaymentDepositCompletedEventProto$PaymentDepositCompletedEvent
16:21:18.737 [main] DEBUG com.kindredgroup.eventbus.domain.DomainEventPublisher - publishing to DomainEvent/PaymentDepositCompletedEvent/SE, topicVariables: null
16:21:18.737 [main] DEBUG com.kindredgroup.eventbus.domain.DomainEventPublisher - Executing callback on JMS Session: Cached JMS Session: com.solacesystems.jms.SolSession@143900a6
16:21:18.738 [main] DEBUG com.solacesystems.jms.SolMessageProducer - Entering send()
16:21:18.738 [main] DEBUG com.solacesystems.jms.SolMessageProducer - Entering sendMessage.  Destination: DomainEvent/PaymentDepositCompletedEvent/SE  delivery mode: 2  priority: 4  timeToLive: 0
16:21:18.738 [main] DEBUG com.solacesystems.jcsmp.impl.JCSMPXMLMessageProducer - About to send message
16:21:18.738 [main] DEBUG com.solacesystems.jcsmp.impl.JCSMPXMLMessageProducer - Set message ID: com.solacesystems.jcsmp.impl.JCSMPGenericXMLMessage[messageId=-1,ackMessageId=0,prevId=0,CID_count=0,userData=,type=PERSISTENT,priority=4,redelivered=false,timeToLive=0,expiration=0,dmqEligible=false,topicSeqNum=null,metadataLen=0,contentLen=0,attLen=359,deliverToOne=false,ackImmediately=false,sendCount=0]
16:21:18.738 [main] DEBUG com.solacesystems.jcsmp.impl.queues.ConditionalBoundedMessageQueue - Update message ID before enqueue it: com.solacesystems.jcsmp.impl.JCSMPGenericXMLMessage[messageId=4462521,ackMessageId=0,prevId=4462520,CID_count=0,userData=,type=PERSISTENT,priority=4,redelivered=false,timeToLive=0,expiration=0,dmqEligible=false,topicSeqNum=null,metadataLen=0,contentLen=0,attLen=359,deliverToOne=false,ackImmediately=false,sendCount=0]
16:21:18.738 [main] DEBUG com.solacesystems.jcsmp.impl.JCSMPXMLMessageProducer - add AD message to the queue: com.solacesystems.jcsmp.impl.JCSMPGenericXMLMessage[messageId=4462521,ackMessageId=0,prevId=4462520,CID_count=0,userData=,type=PERSISTENT,priority=4,redelivered=false,timeToLive=0,expiration=0,dmqEligible=false,topicSeqNum=null,metadataLen=0,contentLen=0,attLen=359,deliverToOne=false,ackImmediately=false,sendCount=0]
16:21:18.738 [main] DEBUG com.solacesystems.jcsmp.protocol.impl.TcpClientChannel - [JCSMPSession[si1_kyc@tcp://solace-mq.si1.unibet.com:55555] (0001)] Want to send: com.solacesystems.jcsmp.impl.JCSMPGenericXMLMessage[messageId=4462521,ackMessageId=0,prevId=4462520,CID_count=0,userData=,type=PERSISTENT,priority=4,redelivered=false,timeToLive=0,expiration=0,dmqEligible=false,topicSeqNum=null,metadataLen=0,contentLen=0,attLen=359,deliverToOne=false,ackImmediately=false,sendCount=0]
16:21:18.738 [main] DEBUG com.solacesystems.jcsmp.protocol.impl.TcpClientChannel - [JCSMPSession[si1_kyc@tcp://solace-mq.si1.unibet.com:55555] (0001)] encoded to bufs: 4462521
16:21:18.738 [main] DEBUG com.solacesystems.jcsmp.impl.PubADManager - Starting pub ad timer: scheduled new timer in 2000
16:21:18.757 [Context_2_ReactorThread] DEBUG com.solacesystems.jcsmp.impl.JCSMPXMLMessageProducer - Got response for AD msg=4462521, 
16:21:18.757 [Context_2_ReactorThread] DEBUG com.solacesystems.jcsmp.impl.ADManager - Clear AD timer
16:21:18.757 [Context_2_ReactorThread] DEBUG com.solacesystems.jcsmp.impl.PubADManager - Processing windowed ack ackid=4462521, ackEventCode=SUPPORTED_ACK_EVENT_MODE_PER_MSG
16:21:18.757 [Context_2_ReactorThread] DEBUG com.solacesystems.jcsmp.impl.PubADManager - Windowed ack for: msg=4462521
16:21:18.758 [Context_2_ProducerDispatcher] DEBUG com.solacesystems.jcsmp.protocol.nio.impl.ProducerResponseNotification - Notify response received for message 4462521
16:21:18.758 [main] DEBUG com.solacesystems.jms.SolMessageProducer - Leaving sendMessage()
16:21:18.758 [main] DEBUG com.solacesystems.jms.SolMessageProducer - Leaving send()
16:21:18.758 [main] DEBUG com.kindredgroup.eventbus.domain.DomainEventPublisher - Sent message: SolBytesMessage={ JMSDeliveryMode:2,JMSDestination:Topic 'DomainEvent/PaymentDepositCompletedEvent/SE',JMSExpiration:0,JMSMessageID:ID:fe80:0:0:0:c84a:57ff:fe69:d0aa%eth0961118b8163a2b80:2,JMSPriority:4,JMSTimestamp:1698682878738,JMSProperties:{environment:si1,payloadsize:359,eventcreated:1073632123771,eventcreatedms:1698682878738,jurisdiction:SE,msgcounter:1698682869451,JMSXUserID:si1_kyc,msgSysToUse:SOL,eventuuid:15a55359-3044-432e-ae77-18a8bf0d1055,producerapp:affordability-gateway,protoclass:com.unibet.event.proto.PaymentDepositCompletedEventProto$PaymentDepositCompletedEvent,JMSXUserID:si1_kyc} }
16:21:18.758 [main] INFO com.kindredgroup.seaffordabilitygateway.integrationtest.service.reader.SeReaderSvcImpl - Base URL: http://internal-api.si1.unibet.com/se-affordability-gateway/internal/
16:21:18.759 [main] DEBUG org.springframework.web.reactive.function.client.ExchangeFunctions - [1a6df932] HTTP POST http://internal-api.si1.unibet.com/se-affordability-gateway/internal/mock/file/read/145635128.zip/password/SE_Affordability_Test
16:21:18.759 [reactor-http-epoll-2] DEBUG reactor.netty.resources.PooledConnectionProvider - [id:9b3f3980, L:/10.77.71.9:54988 - R:internal-api.si1.unibet.com/10.5.0.71:80] Channel acquired, now: 1 active connections, 0 inactive connections and 0 pending acquire requests.
16:21:18.759 [reactor-http-epoll-2] DEBUG reactor.netty.http.client.HttpClientConnect - [id:9b3f3980-17, L:/10.77.71.9:54988 - R:internal-api.si1.unibet.com/10.5.0.71:80] Handler is being applied: {uri=http://internal-api.si1.unibet.com/se-affordability-gateway/internal/mock/file/read/145635128.zip/password/SE_Affordability_Test, method=POST}
16:21:18.759 [reactor-http-epoll-2] DEBUG reactor.netty.resources.DefaultPooledConnectionProvider - [id:9b3f3980-17, L:/10.77.71.9:54988 - R:internal-api.si1.unibet.com/10.5.0.71:80] onStateChange(POST{uri=/se-affordability-gateway/internal/mock/file/read/145635128.zip/password/SE_Affordability_Test, connection=PooledConnection{channel=[id: 0x9b3f3980, L:/10.77.71.9:54988 - R:internal-api.si1.unibet.com/10.5.0.71:80]}}, [request_prepared])
16:21:18.759 [reactor-http-epoll-2] DEBUG reactor.netty.resources.DefaultPooledConnectionProvider - [id:9b3f3980-17, L:/10.77.71.9:54988 - R:internal-api.si1.unibet.com/10.5.0.71:80] onStateChange(POST{uri=/se-affordability-gateway/internal/mock/file/read/145635128.zip/password/SE_Affordability_Test, connection=PooledConnection{channel=[id: 0x9b3f3980, L:/10.77.71.9:54988 - R:internal-api.si1.unibet.com/10.5.0.71:80]}}, [request_sent])
16:21:18.804 [reactor-http-epoll-2] DEBUG reactor.netty.http.client.HttpClientOperations - [id:9b3f3980-17, L:/10.77.71.9:54988 - R:internal-api.si1.unibet.com/10.5.0.71:80] Received response (auto-read:false) : [Server=kindred-SD-loadbalancer, Date=Mon, 30 Oct 2023 16:21:18 GMT, Connection=keep-alive, Keep-Alive=timeout=1800, X-Request-ID=e7d0977763e8463a255d8bad0ac32234, Access-Control-Allow-Origin=*, X-SD-Host=singledong1, X-SD-Upstream=10.59.130.252:30015:kubernetes-ssl-ingress, X-Kindred-Env=SI1.MT1, X-Debug-Request-Id=e7d0977763e8463a255d8bad0ac32234, content-length=0]
16:21:18.804 [reactor-http-epoll-2] DEBUG reactor.netty.resources.DefaultPooledConnectionProvider - [id:9b3f3980-17, L:/10.77.71.9:54988 - R:internal-api.si1.unibet.com/10.5.0.71:80] onStateChange(POST{uri=/se-affordability-gateway/internal/mock/file/read/145635128.zip/password/SE_Affordability_Test, connection=PooledConnection{channel=[id: 0x9b3f3980, L:/10.77.71.9:54988 - R:internal-api.si1.unibet.com/10.5.0.71:80]}}, [response_received])
16:21:18.804 [reactor-http-epoll-2] DEBUG org.springframework.web.reactive.function.client.ExchangeFunctions - [1a6df932] [9b3f3980-17, L:/10.77.71.9:54988 - R:internal-api.si1.unibet.com/10.5.0.71:80] Response 200 OK
16:21:18.804 [reactor-http-epoll-2] DEBUG reactor.netty.channel.FluxReceive - [id:9b3f3980-17, L:/10.77.71.9:54988 - R:internal-api.si1.unibet.com/10.5.0.71:80] FluxReceive{pending=0, cancelled=false, inboundDone=false, inboundError=null}: subscribing inbound receiver
16:21:18.804 [reactor-http-epoll-2] DEBUG reactor.netty.http.client.HttpClientOperations - [id:9b3f3980-17, L:/10.77.71.9:54988 - R:internal-api.si1.unibet.com/10.5.0.71:80] Received last HTTP packet
16:21:18.804 [reactor-http-epoll-2] DEBUG reactor.netty.resources.DefaultPooledConnectionProvider - [id:9b3f3980, L:/10.77.71.9:54988 - R:internal-api.si1.unibet.com/10.5.0.71:80] onStateChange(POST{uri=/se-affordability-gateway/internal/mock/file/read/145635128.zip/password/SE_Affordability_Test, connection=PooledConnection{channel=[id: 0x9b3f3980, L:/10.77.71.9:54988 - R:internal-api.si1.unibet.com/10.5.0.71:80]}}, [response_completed])
16:21:18.804 [reactor-http-epoll-2] DEBUG reactor.netty.resources.DefaultPooledConnectionProvider - [id:9b3f3980, L:/10.77.71.9:54988 - R:internal-api.si1.unibet.com/10.5.0.71:80] onStateChange(POST{uri=/se-affordability-gateway/internal/mock/file/read/145635128.zip/password/SE_Affordability_Test, connection=PooledConnection{channel=[id: 0x9b3f3980, L:/10.77.71.9:54988 - R:internal-api.si1.unibet.com/10.5.0.71:80]}}, [disconnecting])
16:21:18.804 [reactor-http-epoll-2] DEBUG reactor.netty.resources.DefaultPooledConnectionProvider - [id:9b3f3980, L:/10.77.71.9:54988 - R:internal-api.si1.unibet.com/10.5.0.71:80] Releasing channel
16:21:18.804 [reactor-http-epoll-2] DEBUG reactor.netty.resources.PooledConnectionProvider - [id:9b3f3980, L:/10.77.71.9:54988 - R:internal-api.si1.unibet.com/10.5.0.71:80] Channel cleaned, now: 0 active connections, 1 inactive connections and 0 pending acquire requests.
16:21:18.805 [main] DEBUG org.springframework.web.reactive.function.client.ExchangeFunctions - [74120029] HTTP POST http://internal-api.si1.unibet.com/se-affordability-gateway/api/v1/internal/trigger-netincome-update-job
16:21:18.805 [reactor-http-epoll-2] DEBUG reactor.netty.resources.PooledConnectionProvider - [id:9b3f3980, L:/10.77.71.9:54988 - R:internal-api.si1.unibet.com/10.5.0.71:80] Channel acquired, now: 1 active connections, 0 inactive connections and 0 pending acquire requests.
16:21:18.805 [reactor-http-epoll-2] DEBUG reactor.netty.http.client.HttpClientConnect - [id:9b3f3980-18, L:/10.77.71.9:54988 - R:internal-api.si1.unibet.com/10.5.0.71:80] Handler is being applied: {uri=http://internal-api.si1.unibet.com/se-affordability-gateway/api/v1/internal/trigger-netincome-update-job, method=POST}
16:21:18.805 [reactor-http-epoll-2] DEBUG reactor.netty.resources.DefaultPooledConnectionProvider - [id:9b3f3980-18, L:/10.77.71.9:54988 - R:internal-api.si1.unibet.com/10.5.0.71:80] onStateChange(POST{uri=/se-affordability-gateway/api/v1/internal/trigger-netincome-update-job, connection=PooledConnection{channel=[id: 0x9b3f3980, L:/10.77.71.9:54988 - R:internal-api.si1.unibet.com/10.5.0.71:80]}}, [request_prepared])
16:21:18.805 [reactor-http-epoll-2] DEBUG reactor.netty.resources.DefaultPooledConnectionProvider - [id:9b3f3980-18, L:/10.77.71.9:54988 - R:internal-api.si1.unibet.com/10.5.0.71:80] onStateChange(POST{uri=/se-affordability-gateway/api/v1/internal/trigger-netincome-update-job, connection=PooledConnection{channel=[id: 0x9b3f3980, L:/10.77.71.9:54988 - R:internal-api.si1.unibet.com/10.5.0.71:80]}}, [request_sent])
16:21:19.388 [reactor-http-epoll-2] DEBUG reactor.netty.http.client.HttpClientOperations - [id:9b3f3980-18, L:/10.77.71.9:54988 - R:internal-api.si1.unibet.com/10.5.0.71:80] Received response (auto-read:false) : [Server=kindred-SD-loadbalancer, Date=Mon, 30 Oct 2023 16:21:19 GMT, Connection=keep-alive, Keep-Alive=timeout=1800, X-Request-ID=86eb9c371b7dc77f4471001ca7d4305f, Access-Control-Allow-Origin=*, X-SD-Host=singledong1, X-SD-Upstream=10.59.131.196:30015:kubernetes-ssl-ingress, X-Kindred-Env=SI1.MT1, X-Debug-Request-Id=86eb9c371b7dc77f4471001ca7d4305f, content-length=0]
16:21:19.388 [reactor-http-epoll-2] DEBUG reactor.netty.resources.DefaultPooledConnectionProvider - [id:9b3f3980-18, L:/10.77.71.9:54988 - R:internal-api.si1.unibet.com/10.5.0.71:80] onStateChange(POST{uri=/se-affordability-gateway/api/v1/internal/trigger-netincome-update-job, connection=PooledConnection{channel=[id: 0x9b3f3980, L:/10.77.71.9:54988 - R:internal-api.si1.unibet.com/10.5.0.71:80]}}, [response_received])
16:21:19.388 [reactor-http-epoll-2] DEBUG org.springframework.web.reactive.function.client.ExchangeFunctions - [74120029] [9b3f3980-18, L:/10.77.71.9:54988 - R:internal-api.si1.unibet.com/10.5.0.71:80] Response 200 OK
16:21:19.388 [reactor-http-epoll-2] DEBUG reactor.netty.channel.FluxReceive - [id:9b3f3980-18, L:/10.77.71.9:54988 - R:internal-api.si1.unibet.com/10.5.0.71:80] FluxReceive{pending=0, cancelled=false, inboundDone=false, inboundError=null}: subscribing inbound receiver
16:21:19.388 [reactor-http-epoll-2] DEBUG reactor.netty.http.client.HttpClientOperations - [id:9b3f3980-18, L:/10.77.71.9:54988 - R:internal-api.si1.unibet.com/10.5.0.71:80] Received last HTTP packet
16:21:19.388 [reactor-http-epoll-2] DEBUG reactor.netty.resources.DefaultPooledConnectionProvider - [id:9b3f3980, L:/10.77.71.9:54988 - R:internal-api.si1.unibet.com/10.5.0.71:80] onStateChange(POST{uri=/se-affordability-gateway/api/v1/internal/trigger-netincome-update-job, connection=PooledConnection{channel=[id: 0x9b3f3980, L:/10.77.71.9:54988 - R:internal-api.si1.unibet.com/10.5.0.71:80]}}, [response_completed])
16:21:19.388 [reactor-http-epoll-2] DEBUG reactor.netty.resources.DefaultPooledConnectionProvider - [id:9b3f3980, L:/10.77.71.9:54988 - R:internal-api.si1.unibet.com/10.5.0.71:80] onStateChange(POST{uri=/se-affordability-gateway/api/v1/internal/trigger-netincome-update-job, connection=PooledConnection{channel=[id: 0x9b3f3980, L:/10.77.71.9:54988 - R:internal-api.si1.unibet.com/10.5.0.71:80]}}, [disconnecting])
16:21:19.388 [reactor-http-epoll-2] DEBUG reactor.netty.resources.DefaultPooledConnectionProvider - [id:9b3f3980, L:/10.77.71.9:54988 - R:internal-api.si1.unibet.com/10.5.0.71:80] Releasing channel
16:21:19.388 [main] DEBUG org.springframework.jdbc.core.JdbcTemplate - Executing prepared SQL query
16:21:19.388 [main] DEBUG org.springframework.jdbc.core.JdbcTemplate - Executing prepared SQL statement [SELECT * FROM SE_AFFORDABILITY_GATEWAY.AFFORDABILITY WHERE CUSTOMER_ID=?]
16:21:19.388 [main] DEBUG org.springframework.jdbc.datasource.DataSourceUtils - Fetching JDBC Connection from DataSource
16:21:19.388 [reactor-http-epoll-2] DEBUG reactor.netty.resources.PooledConnectionProvider - [id:9b3f3980, L:/10.77.71.9:54988 - R:internal-api.si1.unibet.com/10.5.0.71:80] Channel cleaned, now: 0 active connections, 1 inactive connections and 0 pending acquire requests.
16:21:19.429 [main] DEBUG org.springframework.test.context.cache.DefaultCacheAwareContextLoaderDelegate - Retrieved ApplicationContext [369671357] from cache with key [[MergedContextConfiguration@9cdf13e testClass = RegisteredUsersInFileTest, locations = '{}', classes = '{class com.kindredgroup.seaffordabilitygateway.integrationtest.config.SeAffordabilityGatewayTestConfig}', contextInitializerClasses = '[]', activeProfiles = '{}', propertySourceLocations = '{classpath:config-${test.env}.properties}', propertySourceProperties = '{}', contextCustomizers = set[org.springframework.boot.test.context.filter.ExcludeFilterContextCustomizer@75d3a5e0, org.springframework.boot.test.json.DuplicateJsonObjectContextCustomizerFactory$DuplicateJsonObjectContextCustomizer@74e28667, org.springframework.boot.test.mock.mockito.MockitoContextCustomizer@0, org.springframework.boot.test.autoconfigure.actuate.metrics.MetricsExportContextCustomizerFactory$DisableMetricExportContextCustomizer@6c284af, org.springframework.boot.test.autoconfigure.properties.PropertyMappingContextCustomizer@0, org.springframework.boot.test.autoconfigure.web.servlet.WebDriverContextCustomizerFactory$Customizer@302c971f], contextLoader = 'org.springframework.test.context.support.DelegatingSmartContextLoader', parent = [null]]]
16:21:19.429 [main] DEBUG org.springframework.test.context.cache - Spring test ApplicationContext cache statistics: [DefaultContextCache@7a8b7e11 size = 1, maxSize = 32, parentContextCount = 0, hitCount = 64, missCount = 1]
16:21:19.429 [main] INFO com.unibet.test.helper.common.testng.LoggingIInvokedMethodListener - ================================================================================================================================
16:21:19.429 [main] INFO com.unibet.test.helper.common.testng.LoggingIInvokedMethodListener - === Ending  Test    2023-10-30 16:21:19.429- [RegisteredUsersInFileTest.triggerNetIncomeJobForNewCustomer], took: 1390.14 ms ===
16:21:19.429 [main] INFO com.unibet.test.helper.common.testng.LoggingIInvokedMethodListener - ================================================================================================================================
16:21:19.430 [main] WARN com.kindredgroup.seaffordabilitygateway.integrationtest.testnglisteners.TestListener - Test: triggerNetIncomeJobForNewCustomer SKIPPED.
]]></system-out>
  </testcase>
  <testcase name="triggerNetIncomeJobForNewCustomer" classname="com.kindredgroup.seaffordabiltiygateway.integrationtest.RegisteredUsersInFileTest" time="1.412"/>
  <testcase name="triggerNetIncomeJobForNewCustomer" classname="com.kindredgroup.seaffordabiltiygateway.integrationtest.RegisteredUsersInFileTest" time="1.343"/>
  <testcase name="triggerNetIncomeJobForNewCustomer" classname="com.kindredgroup.seaffordabiltiygateway.integrationtest.RegisteredUsersInFileTest" time="1.37"/>
  <testcase name="triggerNetIncomeJobForNewCustomer" classname="com.kindredgroup.seaffordabiltiygateway.integrationtest.RegisteredUsersInFileTest" time="1.366"/>
</testsuite>